 
Time: Thu Jun 23 13:47:02 2016
IP: 10.0.0.5
Port: 54756
Data: GET / HTTP/1.1
User-Agent: curl/7.35.0
Host: 10.0.0.1:6633
Accept: */*


===========================================================================

Time: Thu Jun 23 13:48:33 2016
IP: 10.0.0.5
Port: 47317
Data: GET / HTTP/1.1
User-Agent: curl/7.35.0
Host: 10.0.0.2:6633
Accept: */*


===========================================================================

Time: Thu Jun 23 13:48:35 2016
IP: 10.0.0.5
Port: 47318
Data: GET / HTTP/1.1
User-Agent: curl/7.35.0
Host: 10.0.0.2:6633
Accept: */*


===========================================================================

Time: Thu Jun 23 13:48:43 2016
IP: 10.0.0.5
Port: 47319
Data: GET / HTTP/1.1
User-Agent: curl/7.35.0
Host: 10.0.0.2:6633
Accept: */*


===========================================================================

Time: Thu Jun 23 13:48:44 2016
IP: 10.0.0.5
Port: 47320
Data: GET / HTTP/1.1
User-Agent: curl/7.35.0
Host: 10.0.0.2:6633
Accept: */*


===========================================================================

Time: Thu Jun 23 13:48:51 2016
IP: 10.0.0.5
Port: 47321
Data: GET / HTTP/1.1
User-Agent: curl/7.35.0
Host: 10.0.0.2:6633
Accept: */*


===========================================================================

Time: Thu Jun 23 13:48:54 2016
IP: 10.0.0.5
Port: 47322
Data: GET / HTTP/1.1
User-Agent: curl/7.35.0
Host: 10.0.0.2:6633
Accept: */*


===========================================================================

Time: Thu Jun 23 13:48:55 2016
IP: 10.0.0.5
Port: 47323
Data: GET / HTTP/1.1
User-Agent: curl/7.35.0
Host: 10.0.0.2:6633
Accept: */*


===========================================================================

Time: Thu Jun 23 13:48:56 2016
IP: 10.0.0.5
Port: 47324
Data: GET / HTTP/1.1
User-Agent: curl/7.35.0
Host: 10.0.0.2:6633
Accept: */*


===========================================================================

Time: Thu Jun 23 13:49:03 2016
IP: 10.0.0.5
Port: 47325
Data: GET / HTTP/1.1
User-Agent: curl/7.35.0
Host: 10.0.0.2:6633
Accept: */*


===========================================================================

