INFO:core:POX 0.2.0 (carp) is up.
INFO:openflow.of_01:[00-00-00-00-00-04 2] connected
INFO:openflow.of_01:[00-00-00-00-00-03 1] connected
INFO:openflow.of_01:[00-00-00-00-00-06 6] connected
INFO:openflow.of_01:[00-00-00-00-00-05 3] connected
INFO:openflow.of_01:[00-00-00-00-00-02 5] connected
INFO:openflow.of_01:[00-00-00-00-00-07 4] connected
INFO:openflow.of_01:[00-00-00-00-00-01 7] connected
INFO:forwarding.l3_learning:6 1 learned hey 10.0.0.5
INFO:forwarding.l3_learning:5 1 learned hey 10.0.0.5
INFO:forwarding.l3_learning:1 2 learned hey 10.0.0.5
INFO:forwarding.l3_learning:7 3 learned hey 10.0.0.5
INFO:forwarding.l3_learning:2 3 learned hey 10.0.0.5
INFO:forwarding.l3_learning:4 3 learned hey 10.0.0.5
INFO:forwarding.l3_learning:3 3 learned hey 10.0.0.5
INFO:forwarding.l3_learning:4 1 learned hey 10.0.0.3
INFO:forwarding.l3_learning:2 2 learned hey 10.0.0.3
INFO:forwarding.l3_learning:3 3 learned hey 10.0.0.3
INFO:forwarding.l3_learning:1 1 learned hey 10.0.0.3
INFO:forwarding.l3_learning:5 3 learned hey 10.0.0.3
INFO:forwarding.l3_learning:6 3 learned hey 10.0.0.3
INFO:forwarding.l3_learning:7 3 learned hey 10.0.0.3
INFO:forwarding.l3_learning:AQUI DPID 6 src_port 36058 dst_port 3366
INFO:forwarding.l3_learning:AQUI DPID 6 src_port 36036 dst_port 3366
INFO:forwarding.l3_learning:AQUI DPID 6 src_port 36058 dst_port 3366
INFO:forwarding.l3_learning:AQUI DPID 5 src_port 36058 dst_port 3366
INFO:forwarding.l3_learning:AQUI DPID 5 src_port 36036 dst_port 3366
INFO:forwarding.l3_learning:AQUI DPID 5 src_port 36058 dst_port 3366
INFO:forwarding.l3_learning:7 2 learned hey 10.0.0.8
INFO:forwarding.l3_learning:AQUI DPID 1 src_port 36058 dst_port 3366
INFO:forwarding.l3_learning:AQUI DPID 1 src_port 36036 dst_port 3366
INFO:forwarding.l3_learning:AQUI DPID 1 src_port 36058 dst_port 3366
INFO:forwarding.l3_learning:5 2 learned hey 10.0.0.8
INFO:forwarding.l3_learning:AQUI DPID 2 src_port 36058 dst_port 3366
INFO:forwarding.l3_learning:AQUI DPID 2 src_port 36036 dst_port 3366
INFO:forwarding.l3_learning:AQUI DPID 2 src_port 36058 dst_port 3366
INFO:forwarding.l3_learning:AQUI DPID 4 src_port 36058 dst_port 3366
INFO:forwarding.l3_learning:AQUI DPID 4 src_port 36036 dst_port 3366
INFO:forwarding.l3_learning:6 3 learned hey 10.0.0.8
INFO:forwarding.l3_learning:1 2 learned hey 10.0.0.8
INFO:forwarding.l3_learning:AQUI DPID 4 src_port 36058 dst_port 3366
INFO:forwarding.l3_learning:AQUI DPID 4 src_port 3366 dst_port 36058
INFO:forwarding.l3_learning:AQUI DPID 4 src_port 3366 dst_port 36036
INFO:forwarding.l3_learning:AQUI DPID 4 src_port 3366 dst_port 36058
INFO:forwarding.l3_learning:2 3 learned hey 10.0.0.8
INFO:forwarding.l3_learning:AQUI DPID 2 src_port 3366 dst_port 36058
INFO:forwarding.l3_learning:AQUI DPID 2 src_port 3366 dst_port 36036
INFO:forwarding.l3_learning:4 3 learned hey 10.0.0.8
INFO:forwarding.l3_learning:AQUI DPID 2 src_port 3366 dst_port 36058
INFO:forwarding.l3_learning:3 3 learned hey 10.0.0.8
INFO:forwarding.l3_learning:AQUI DPID 1 src_port 3366 dst_port 36058
INFO:forwarding.l3_learning:AQUI DPID 1 src_port 3366 dst_port 36036
INFO:forwarding.l3_learning:AQUI DPID 1 src_port 3366 dst_port 36058
INFO:forwarding.l3_learning:AQUI DPID 6 src_port 36058 dst_port 3366
INFO:forwarding.l3_learning:AQUI DPID 5 src_port 3366 dst_port 36058
INFO:forwarding.l3_learning:AQUI DPID 5 src_port 3366 dst_port 36036
INFO:forwarding.l3_learning:AQUI DPID 5 src_port 3366 dst_port 36058
INFO:forwarding.l3_learning:3 1 learned hey 10.0.0.1
INFO:forwarding.l3_learning:AQUI DPID 6 src_port 3366 dst_port 36058
INFO:forwarding.l3_learning:AQUI DPID 6 src_port 3366 dst_port 36036
INFO:forwarding.l3_learning:AQUI DPID 6 src_port 3366 dst_port 36058
INFO:forwarding.l3_learning:AQUI DPID 5 src_port 36058 dst_port 3366
INFO:forwarding.l3_learning:2 1 learned hey 10.0.0.1
INFO:forwarding.l3_learning:AQUI DPID 6 src_port 36066 dst_port 3366
INFO:forwarding.l3_learning:AQUI DPID 1 src_port 36058 dst_port 3366
INFO:forwarding.l3_learning:1 1 learned hey 10.0.0.1
INFO:forwarding.l3_learning:4 3 learned hey 10.0.0.1
INFO:forwarding.l3_learning:AQUI DPID 5 src_port 36066 dst_port 3366
INFO:forwarding.l3_learning:5 3 learned hey 10.0.0.1
INFO:forwarding.l3_learning:AQUI DPID 2 src_port 36058 dst_port 3366
INFO:forwarding.l3_learning:6 3 learned hey 10.0.0.1
INFO:forwarding.l3_learning:7 3 learned hey 10.0.0.1
INFO:forwarding.l3_learning:AQUI DPID 1 src_port 36066 dst_port 3366
INFO:forwarding.l3_learning:AQUI DPID 4 src_port 36058 dst_port 3366
INFO:forwarding.l3_learning:AQUI DPID 2 src_port 36066 dst_port 3366
INFO:forwarding.l3_learning:AQUI DPID 4 src_port 3366 dst_port 36058
INFO:forwarding.l3_learning:AQUI DPID 4 src_port 36066 dst_port 3366
INFO:forwarding.l3_learning:AQUI DPID 4 src_port 36066 dst_port 3366
INFO:forwarding.l3_learning:AQUI DPID 4 src_port 3366 dst_port 36066
INFO:forwarding.l3_learning:AQUI DPID 4 src_port 3366 dst_port 36066
INFO:forwarding.l3_learning:AQUI DPID 2 src_port 3366 dst_port 36066
INFO:forwarding.l3_learning:AQUI DPID 2 src_port 3366 dst_port 36066
INFO:forwarding.l3_learning:AQUI DPID 1 src_port 3366 dst_port 36066
INFO:forwarding.l3_learning:AQUI DPID 5 src_port 3366 dst_port 36066
INFO:forwarding.l3_learning:AQUI DPID 1 src_port 3366 dst_port 36066
INFO:forwarding.l3_learning:AQUI DPID 6 src_port 3366 dst_port 36066
INFO:forwarding.l3_learning:AQUI DPID 6 src_port 3366 dst_port 36066
INFO:forwarding.l3_learning:AQUI DPID 6 src_port 36067 dst_port 3366
INFO:forwarding.l3_learning:AQUI DPID 5 src_port 36067 dst_port 3366
INFO:forwarding.l3_learning:AQUI DPID 1 src_port 36067 dst_port 3366
INFO:forwarding.l3_learning:AQUI DPID 2 src_port 36067 dst_port 3366
INFO:forwarding.l3_learning:AQUI DPID 4 src_port 36067 dst_port 3366
INFO:forwarding.l3_learning:AQUI DPID 4 src_port 3366 dst_port 36067
INFO:forwarding.l3_learning:AQUI DPID 2 src_port 3366 dst_port 36067
INFO:forwarding.l3_learning:AQUI DPID 1 src_port 3366 dst_port 36067
INFO:forwarding.l3_learning:AQUI DPID 5 src_port 3366 dst_port 36067
INFO:forwarding.l3_learning:AQUI DPID 6 src_port 3366 dst_port 36067
INFO:forwarding.l3_learning:AQUI DPID 6 src_port 3366 dst_port 36067
INFO:forwarding.l3_learning:AQUI DPID 6 src_port 36068 dst_port 3366
INFO:forwarding.l3_learning:AQUI DPID 5 src_port 36068 dst_port 3366
INFO:forwarding.l3_learning:AQUI DPID 1 src_port 36068 dst_port 3366
INFO:forwarding.l3_learning:AQUI DPID 2 src_port 36068 dst_port 3366
INFO:forwarding.l3_learning:AQUI DPID 4 src_port 36068 dst_port 3366
INFO:forwarding.l3_learning:AQUI DPID 4 src_port 3366 dst_port 36068
INFO:forwarding.l3_learning:AQUI DPID 2 src_port 3366 dst_port 36068
INFO:forwarding.l3_learning:AQUI DPID 1 src_port 3366 dst_port 36068
INFO:forwarding.l3_learning:AQUI DPID 5 src_port 3366 dst_port 36068
INFO:forwarding.l3_learning:AQUI DPID 6 src_port 3366 dst_port 36068
INFO:forwarding.l3_learning:4 1 answering ARP for 10.0.0.5
INFO:forwarding.l3_learning:AQUI DPID 6 src_port 36069 dst_port 3366
INFO:forwarding.l3_learning:AQUI DPID 5 src_port 36069 dst_port 3366
INFO:forwarding.l3_learning:AQUI DPID 1 src_port 36069 dst_port 3366
INFO:forwarding.l3_learning:AQUI DPID 2 src_port 36069 dst_port 3366
INFO:forwarding.l3_learning:AQUI DPID 4 src_port 36069 dst_port 3366
INFO:forwarding.l3_learning:AQUI DPID 4 src_port 3366 dst_port 36069
INFO:forwarding.l3_learning:AQUI DPID 2 src_port 3366 dst_port 36069
INFO:forwarding.l3_learning:AQUI DPID 1 src_port 3366 dst_port 36069
INFO:forwarding.l3_learning:AQUI DPID 5 src_port 3366 dst_port 36069
INFO:forwarding.l3_learning:AQUI DPID 6 src_port 3366 dst_port 36069
INFO:forwarding.l3_learning:AQUI DPID 6 src_port 36070 dst_port 3366
INFO:forwarding.l3_learning:AQUI DPID 5 src_port 36070 dst_port 3366
INFO:forwarding.l3_learning:AQUI DPID 1 src_port 36070 dst_port 3366
INFO:forwarding.l3_learning:AQUI DPID 2 src_port 36070 dst_port 3366
INFO:forwarding.l3_learning:AQUI DPID 4 src_port 36070 dst_port 3366
INFO:forwarding.l3_learning:AQUI DPID 4 src_port 3366 dst_port 36070
INFO:forwarding.l3_learning:AQUI DPID 2 src_port 3366 dst_port 36070
INFO:forwarding.l3_learning:AQUI DPID 1 src_port 3366 dst_port 36070
INFO:forwarding.l3_learning:AQUI DPID 5 src_port 3366 dst_port 36070
INFO:forwarding.l3_learning:AQUI DPID 6 src_port 3366 dst_port 36070
INFO:forwarding.l3_learning:AQUI DPID 6 src_port 36071 dst_port 3366
INFO:forwarding.l3_learning:AQUI DPID 5 src_port 36071 dst_port 3366
INFO:forwarding.l3_learning:AQUI DPID 1 src_port 36071 dst_port 3366
INFO:forwarding.l3_learning:AQUI DPID 2 src_port 36071 dst_port 3366
INFO:forwarding.l3_learning:AQUI DPID 4 src_port 36071 dst_port 3366
INFO:forwarding.l3_learning:AQUI DPID 4 src_port 3366 dst_port 36071
INFO:forwarding.l3_learning:AQUI DPID 2 src_port 3366 dst_port 36071
INFO:forwarding.l3_learning:AQUI DPID 1 src_port 3366 dst_port 36071
INFO:forwarding.l3_learning:AQUI DPID 5 src_port 3366 dst_port 36071
INFO:forwarding.l3_learning:AQUI DPID 6 src_port 3366 dst_port 36071
INFO:forwarding.l3_learning:AQUI DPID 6 src_port 36072 dst_port 3366
INFO:forwarding.l3_learning:AQUI DPID 5 src_port 36072 dst_port 3366
INFO:forwarding.l3_learning:AQUI DPID 1 src_port 36072 dst_port 3366
INFO:forwarding.l3_learning:AQUI DPID 2 src_port 36072 dst_port 3366
INFO:forwarding.l3_learning:AQUI DPID 4 src_port 36072 dst_port 3366
INFO:forwarding.l3_learning:AQUI DPID 4 src_port 3366 dst_port 36072
INFO:forwarding.l3_learning:AQUI DPID 2 src_port 3366 dst_port 36072
INFO:forwarding.l3_learning:AQUI DPID 1 src_port 3366 dst_port 36072
INFO:forwarding.l3_learning:AQUI DPID 5 src_port 3366 dst_port 36072
INFO:forwarding.l3_learning:AQUI DPID 6 src_port 3366 dst_port 36072
INFO:forwarding.l3_learning:AQUI DPID 6 src_port 36073 dst_port 3366
INFO:forwarding.l3_learning:AQUI DPID 5 src_port 36073 dst_port 3366
INFO:forwarding.l3_learning:AQUI DPID 1 src_port 36073 dst_port 3366
INFO:forwarding.l3_learning:AQUI DPID 2 src_port 36073 dst_port 3366
INFO:forwarding.l3_learning:AQUI DPID 4 src_port 36073 dst_port 3366
INFO:forwarding.l3_learning:AQUI DPID 4 src_port 3366 dst_port 36073
INFO:forwarding.l3_learning:AQUI DPID 2 src_port 3366 dst_port 36073
INFO:forwarding.l3_learning:AQUI DPID 1 src_port 3366 dst_port 36073
INFO:forwarding.l3_learning:AQUI DPID 5 src_port 3366 dst_port 36073
INFO:forwarding.l3_learning:AQUI DPID 6 src_port 3366 dst_port 36073
INFO:forwarding.l3_learning:AQUI DPID 6 src_port 3366 dst_port 36073
INFO:forwarding.l3_learning:AQUI DPID 6 src_port 36074 dst_port 3366
INFO:forwarding.l3_learning:AQUI DPID 5 src_port 36074 dst_port 3366
INFO:forwarding.l3_learning:AQUI DPID 1 src_port 36074 dst_port 3366
INFO:forwarding.l3_learning:AQUI DPID 2 src_port 36074 dst_port 3366
INFO:forwarding.l3_learning:AQUI DPID 4 src_port 36074 dst_port 3366
INFO:forwarding.l3_learning:AQUI DPID 4 src_port 36074 dst_port 3366
INFO:forwarding.l3_learning:AQUI DPID 4 src_port 3366 dst_port 36074
INFO:forwarding.l3_learning:AQUI DPID 4 src_port 3366 dst_port 36074
INFO:forwarding.l3_learning:AQUI DPID 2 src_port 3366 dst_port 36074
INFO:forwarding.l3_learning:AQUI DPID 2 src_port 3366 dst_port 36074
INFO:forwarding.l3_learning:AQUI DPID 1 src_port 3366 dst_port 36074
INFO:forwarding.l3_learning:AQUI DPID 1 src_port 3366 dst_port 36074
INFO:forwarding.l3_learning:AQUI DPID 5 src_port 3366 dst_port 36074
INFO:forwarding.l3_learning:AQUI DPID 5 src_port 3366 dst_port 36074
INFO:forwarding.l3_learning:AQUI DPID 6 src_port 3366 dst_port 36074
INFO:forwarding.l3_learning:AQUI DPID 6 src_port 3366 dst_port 36074
INFO:forwarding.l3_learning:AQUI DPID 6 src_port 36075 dst_port 3366
INFO:forwarding.l3_learning:AQUI DPID 5 src_port 36075 dst_port 3366
INFO:forwarding.l3_learning:AQUI DPID 1 src_port 36075 dst_port 3366
INFO:forwarding.l3_learning:AQUI DPID 2 src_port 36075 dst_port 3366
INFO:forwarding.l3_learning:AQUI DPID 4 src_port 36075 dst_port 3366
INFO:forwarding.l3_learning:AQUI DPID 4 src_port 3366 dst_port 36075
INFO:forwarding.l3_learning:AQUI DPID 2 src_port 3366 dst_port 36075
INFO:forwarding.l3_learning:AQUI DPID 1 src_port 3366 dst_port 36075
INFO:forwarding.l3_learning:AQUI DPID 5 src_port 3366 dst_port 36075
INFO:forwarding.l3_learning:AQUI DPID 6 src_port 3366 dst_port 36075
INFO:forwarding.l3_learning:AQUI DPID 5 src_port 3366 dst_port 36075
INFO:forwarding.l3_learning:AQUI DPID 6 src_port 36076 dst_port 3366
INFO:forwarding.l3_learning:AQUI DPID 5 src_port 36076 dst_port 3366
INFO:forwarding.l3_learning:AQUI DPID 1 src_port 36076 dst_port 3366
INFO:forwarding.l3_learning:AQUI DPID 2 src_port 36076 dst_port 3366
INFO:forwarding.l3_learning:AQUI DPID 4 src_port 36076 dst_port 3366
INFO:forwarding.l3_learning:AQUI DPID 4 src_port 3366 dst_port 36076
INFO:forwarding.l3_learning:AQUI DPID 2 src_port 3366 dst_port 36076
INFO:forwarding.l3_learning:AQUI DPID 1 src_port 3366 dst_port 36076
INFO:forwarding.l3_learning:AQUI DPID 1 src_port 3366 dst_port 36076
INFO:forwarding.l3_learning:AQUI DPID 5 src_port 3366 dst_port 36076
INFO:forwarding.l3_learning:AQUI DPID 5 src_port 3366 dst_port 36076
INFO:forwarding.l3_learning:AQUI DPID 6 src_port 3366 dst_port 36076
INFO:forwarding.l3_learning:AQUI DPID 6 src_port 3366 dst_port 36076
INFO:forwarding.l3_learning:AQUI DPID 6 src_port 36077 dst_port 3366
INFO:forwarding.l3_learning:AQUI DPID 5 src_port 36077 dst_port 3366
INFO:forwarding.l3_learning:AQUI DPID 1 src_port 36077 dst_port 3366
INFO:forwarding.l3_learning:AQUI DPID 2 src_port 36077 dst_port 3366
INFO:forwarding.l3_learning:AQUI DPID 4 src_port 36077 dst_port 3366
INFO:forwarding.l3_learning:AQUI DPID 4 src_port 3366 dst_port 36077
INFO:forwarding.l3_learning:AQUI DPID 2 src_port 3366 dst_port 36077
INFO:forwarding.l3_learning:AQUI DPID 1 src_port 3366 dst_port 36077
INFO:forwarding.l3_learning:AQUI DPID 5 src_port 3366 dst_port 36077
INFO:forwarding.l3_learning:AQUI DPID 5 src_port 3366 dst_port 36077
INFO:forwarding.l3_learning:AQUI DPID 6 src_port 3366 dst_port 36077
INFO:forwarding.l3_learning:AQUI DPID 6 src_port 3366 dst_port 36077
INFO:forwarding.l3_learning:AQUI DPID 6 src_port 36078 dst_port 3366
INFO:forwarding.l3_learning:AQUI DPID 5 src_port 36078 dst_port 3366
INFO:forwarding.l3_learning:AQUI DPID 1 src_port 36078 dst_port 3366
INFO:forwarding.l3_learning:AQUI DPID 2 src_port 36078 dst_port 3366
INFO:forwarding.l3_learning:AQUI DPID 4 src_port 36078 dst_port 3366
INFO:forwarding.l3_learning:AQUI DPID 4 src_port 3366 dst_port 36078
INFO:forwarding.l3_learning:AQUI DPID 2 src_port 3366 dst_port 36078
INFO:forwarding.l3_learning:AQUI DPID 1 src_port 3366 dst_port 36078
INFO:forwarding.l3_learning:AQUI DPID 1 src_port 3366 dst_port 36078
INFO:forwarding.l3_learning:AQUI DPID 5 src_port 3366 dst_port 36078
INFO:forwarding.l3_learning:AQUI DPID 5 src_port 3366 dst_port 36078
INFO:forwarding.l3_learning:AQUI DPID 6 src_port 3366 dst_port 36078
INFO:forwarding.l3_learning:AQUI DPID 6 src_port 3366 dst_port 36078
INFO:forwarding.l3_learning:AQUI DPID 6 src_port 36079 dst_port 3366
INFO:forwarding.l3_learning:AQUI DPID 5 src_port 36079 dst_port 3366
INFO:forwarding.l3_learning:AQUI DPID 1 src_port 36079 dst_port 3366
INFO:forwarding.l3_learning:AQUI DPID 2 src_port 36079 dst_port 3366
INFO:forwarding.l3_learning:AQUI DPID 4 src_port 36079 dst_port 3366
INFO:forwarding.l3_learning:AQUI DPID 4 src_port 3366 dst_port 36079
INFO:forwarding.l3_learning:AQUI DPID 2 src_port 3366 dst_port 36079
INFO:forwarding.l3_learning:AQUI DPID 1 src_port 3366 dst_port 36079
INFO:forwarding.l3_learning:AQUI DPID 1 src_port 3366 dst_port 36079
INFO:forwarding.l3_learning:AQUI DPID 5 src_port 3366 dst_port 36079
INFO:forwarding.l3_learning:AQUI DPID 5 src_port 3366 dst_port 36079
INFO:forwarding.l3_learning:AQUI DPID 6 src_port 3366 dst_port 36079
INFO:forwarding.l3_learning:AQUI DPID 6 src_port 3366 dst_port 36079
INFO:forwarding.l3_learning:AQUI DPID 6 src_port 36080 dst_port 3366
INFO:forwarding.l3_learning:AQUI DPID 5 src_port 36080 dst_port 3366
INFO:forwarding.l3_learning:AQUI DPID 1 src_port 36080 dst_port 3366
INFO:forwarding.l3_learning:AQUI DPID 2 src_port 36080 dst_port 3366
INFO:forwarding.l3_learning:AQUI DPID 4 src_port 36080 dst_port 3366
INFO:forwarding.l3_learning:AQUI DPID 4 src_port 3366 dst_port 36080
INFO:forwarding.l3_learning:AQUI DPID 2 src_port 3366 dst_port 36080
INFO:forwarding.l3_learning:AQUI DPID 1 src_port 3366 dst_port 36080
INFO:forwarding.l3_learning:AQUI DPID 1 src_port 3366 dst_port 36080
INFO:forwarding.l3_learning:AQUI DPID 5 src_port 3366 dst_port 36080
INFO:forwarding.l3_learning:AQUI DPID 5 src_port 3366 dst_port 36080
INFO:forwarding.l3_learning:AQUI DPID 6 src_port 3366 dst_port 36080
INFO:forwarding.l3_learning:AQUI DPID 6 src_port 3366 dst_port 36080
INFO:forwarding.l3_learning:AQUI DPID 6 src_port 36081 dst_port 3366
INFO:forwarding.l3_learning:AQUI DPID 5 src_port 36081 dst_port 3366
INFO:forwarding.l3_learning:AQUI DPID 1 src_port 36081 dst_port 3366
INFO:forwarding.l3_learning:AQUI DPID 2 src_port 36081 dst_port 3366
INFO:forwarding.l3_learning:AQUI DPID 4 src_port 36081 dst_port 3366
INFO:forwarding.l3_learning:AQUI DPID 4 src_port 3366 dst_port 36081
INFO:forwarding.l3_learning:AQUI DPID 2 src_port 3366 dst_port 36081
INFO:forwarding.l3_learning:AQUI DPID 1 src_port 3366 dst_port 36081
INFO:forwarding.l3_learning:AQUI DPID 1 src_port 3366 dst_port 36081
INFO:forwarding.l3_learning:AQUI DPID 5 src_port 3366 dst_port 36081
INFO:forwarding.l3_learning:AQUI DPID 5 src_port 3366 dst_port 36081
INFO:forwarding.l3_learning:AQUI DPID 6 src_port 3366 dst_port 36081
INFO:forwarding.l3_learning:AQUI DPID 6 src_port 3366 dst_port 36081
INFO:forwarding.l3_learning:AQUI DPID 6 src_port 36082 dst_port 3366
INFO:forwarding.l3_learning:AQUI DPID 5 src_port 36082 dst_port 3366
INFO:forwarding.l3_learning:AQUI DPID 1 src_port 36082 dst_port 3366
INFO:forwarding.l3_learning:AQUI DPID 2 src_port 36082 dst_port 3366
INFO:forwarding.l3_learning:AQUI DPID 4 src_port 36082 dst_port 3366
INFO:forwarding.l3_learning:AQUI DPID 4 src_port 3366 dst_port 36082
INFO:forwarding.l3_learning:AQUI DPID 2 src_port 3366 dst_port 36082
INFO:forwarding.l3_learning:AQUI DPID 1 src_port 3366 dst_port 36082
INFO:forwarding.l3_learning:AQUI DPID 5 src_port 3366 dst_port 36082
INFO:forwarding.l3_learning:AQUI DPID 6 src_port 3366 dst_port 36082
INFO:forwarding.l3_learning:AQUI DPID 6 src_port 36083 dst_port 3366
INFO:forwarding.l3_learning:AQUI DPID 5 src_port 36083 dst_port 3366
INFO:forwarding.l3_learning:AQUI DPID 1 src_port 36083 dst_port 3366
INFO:forwarding.l3_learning:AQUI DPID 2 src_port 36083 dst_port 3366
INFO:forwarding.l3_learning:AQUI DPID 4 src_port 36083 dst_port 3366
INFO:forwarding.l3_learning:AQUI DPID 4 src_port 3366 dst_port 36083
INFO:forwarding.l3_learning:AQUI DPID 2 src_port 3366 dst_port 36083
INFO:forwarding.l3_learning:4 2 learned hey 10.0.0.4
INFO:forwarding.l3_learning:AQUI DPID 1 src_port 3366 dst_port 36083
INFO:forwarding.l3_learning:2 2 learned hey 10.0.0.4
INFO:forwarding.l3_learning:AQUI DPID 5 src_port 3366 dst_port 36083
INFO:forwarding.l3_learning:3 3 learned hey 10.0.0.4
INFO:forwarding.l3_learning:1 1 learned hey 10.0.0.4
INFO:forwarding.l3_learning:5 3 learned hey 10.0.0.4
INFO:forwarding.l3_learning:AQUI DPID 6 src_port 3366 dst_port 36083
INFO:forwarding.l3_learning:6 3 learned hey 10.0.0.4
INFO:forwarding.l3_learning:7 3 learned hey 10.0.0.4
INFO:forwarding.l3_learning:AQUI DPID 6 src_port 36084 dst_port 3366
INFO:forwarding.l3_learning:7 1 learned hey 10.0.0.7
INFO:forwarding.l3_learning:AQUI DPID 5 src_port 36084 dst_port 3366
INFO:forwarding.l3_learning:5 2 learned hey 10.0.0.7
INFO:forwarding.l3_learning:AQUI DPID 1 src_port 36084 dst_port 3366
INFO:forwarding.l3_learning:1 2 learned hey 10.0.0.7
INFO:forwarding.l3_learning:6 3 learned hey 10.0.0.7
INFO:forwarding.l3_learning:AQUI DPID 2 src_port 36084 dst_port 3366
INFO:forwarding.l3_learning:2 3 learned hey 10.0.0.7
INFO:forwarding.l3_learning:AQUI DPID 4 src_port 36084 dst_port 3366
INFO:forwarding.l3_learning:4 3 learned hey 10.0.0.7
INFO:forwarding.l3_learning:AQUI DPID 4 src_port 3366 dst_port 36084
INFO:forwarding.l3_learning:3 3 learned hey 10.0.0.7
INFO:forwarding.l3_learning:AQUI DPID 4 src_port 35318 dst_port 3366
INFO:forwarding.l3_learning:AQUI DPID 2 src_port 3366 dst_port 36084
INFO:forwarding.l3_learning:AQUI DPID 2 src_port 35318 dst_port 3366
INFO:forwarding.l3_learning:AQUI DPID 1 src_port 3366 dst_port 36084
INFO:forwarding.l3_learning:AQUI DPID 1 src_port 35318 dst_port 3366
INFO:forwarding.l3_learning:AQUI DPID 5 src_port 3366 dst_port 36084
INFO:forwarding.l3_learning:AQUI DPID 5 src_port 3366 dst_port 36084
INFO:forwarding.l3_learning:AQUI DPID 6 src_port 3366 dst_port 36084
INFO:forwarding.l3_learning:6 1 answering ARP for 10.0.0.3
INFO:forwarding.l3_learning:AQUI DPID 5 src_port 35318 dst_port 3366
INFO:forwarding.l3_learning:AQUI DPID 6 src_port 3366 dst_port 36084
INFO:forwarding.l3_learning:AQUI DPID 6 src_port 36085 dst_port 3366
INFO:forwarding.l3_learning:AQUI DPID 7 src_port 35318 dst_port 3366
INFO:forwarding.l3_learning:AQUI DPID 5 src_port 36085 dst_port 3366
INFO:forwarding.l3_learning:AQUI DPID 7 src_port 41354 dst_port 3366
INFO:forwarding.l3_learning:AQUI DPID 7 src_port 3366 dst_port 35318
INFO:forwarding.l3_learning:AQUI DPID 5 src_port 41354 dst_port 3366
INFO:forwarding.l3_learning:AQUI DPID 5 src_port 3366 dst_port 35318
INFO:forwarding.l3_learning:AQUI DPID 1 src_port 36085 dst_port 3366
INFO:forwarding.l3_learning:AQUI DPID 1 src_port 41354 dst_port 3366
INFO:forwarding.l3_learning:AQUI DPID 1 src_port 3366 dst_port 35318
INFO:forwarding.l3_learning:AQUI DPID 2 src_port 36085 dst_port 3366
INFO:forwarding.l3_learning:AQUI DPID 2 src_port 36085 dst_port 3366
INFO:forwarding.l3_learning:AQUI DPID 2 src_port 41354 dst_port 3366
INFO:forwarding.l3_learning:AQUI DPID 4 src_port 36085 dst_port 3366
INFO:forwarding.l3_learning:AQUI DPID 4 src_port 36085 dst_port 3366
INFO:forwarding.l3_learning:AQUI DPID 2 src_port 3366 dst_port 35318
INFO:forwarding.l3_learning:AQUI DPID 4 src_port 3366 dst_port 36085
INFO:forwarding.l3_learning:AQUI DPID 4 src_port 3366 dst_port 36085
INFO:forwarding.l3_learning:AQUI DPID 3 src_port 41354 dst_port 3366
INFO:forwarding.l3_learning:AQUI DPID 4 src_port 3366 dst_port 35318
INFO:forwarding.l3_learning:AQUI DPID 2 src_port 3366 dst_port 36085
INFO:forwarding.l3_learning:AQUI DPID 2 src_port 3366 dst_port 36085
INFO:forwarding.l3_learning:AQUI DPID 4 src_port 35614 dst_port 3366
INFO:forwarding.l3_learning:AQUI DPID 3 src_port 3366 dst_port 41354
INFO:forwarding.l3_learning:AQUI DPID 1 src_port 3366 dst_port 36085
INFO:forwarding.l3_learning:AQUI DPID 1 src_port 3366 dst_port 36085
INFO:forwarding.l3_learning:AQUI DPID 5 src_port 3366 dst_port 36085
INFO:forwarding.l3_learning:AQUI DPID 2 src_port 35614 dst_port 3366
INFO:forwarding.l3_learning:AQUI DPID 2 src_port 3366 dst_port 41354
INFO:forwarding.l3_learning:AQUI DPID 6 src_port 3366 dst_port 36085
INFO:forwarding.l3_learning:AQUI DPID 5 src_port 3366 dst_port 36085
INFO:forwarding.l3_learning:AQUI DPID 1 src_port 35614 dst_port 3366
INFO:forwarding.l3_learning:AQUI DPID 1 src_port 3366 dst_port 41354
INFO:forwarding.l3_learning:AQUI DPID 6 src_port 36087 dst_port 3366
INFO:forwarding.l3_learning:AQUI DPID 5 src_port 35614 dst_port 3366
INFO:forwarding.l3_learning:AQUI DPID 5 src_port 3366 dst_port 41354
INFO:forwarding.l3_learning:AQUI DPID 5 src_port 35614 dst_port 3366
INFO:forwarding.l3_learning:AQUI DPID 5 src_port 36087 dst_port 3366
INFO:forwarding.l3_learning:AQUI DPID 7 src_port 35614 dst_port 3366
INFO:forwarding.l3_learning:AQUI DPID 7 src_port 3366 dst_port 41354
INFO:forwarding.l3_learning:AQUI DPID 7 src_port 35614 dst_port 3366
INFO:forwarding.l3_learning:AQUI DPID 7 src_port 3366 dst_port 35614
INFO:forwarding.l3_learning:AQUI DPID 7 src_port 41651 dst_port 3366
INFO:forwarding.l3_learning:AQUI DPID 1 src_port 36087 dst_port 3366
INFO:forwarding.l3_learning:AQUI DPID 5 src_port 3366 dst_port 35614
INFO:forwarding.l3_learning:AQUI DPID 5 src_port 41651 dst_port 3366
INFO:forwarding.l3_learning:AQUI DPID 7 src_port 3366 dst_port 35614
INFO:forwarding.l3_learning:AQUI DPID 1 src_port 36087 dst_port 3366
INFO:forwarding.l3_learning:AQUI DPID 1 src_port 3366 dst_port 35614
INFO:forwarding.l3_learning:AQUI DPID 1 src_port 41651 dst_port 3366
INFO:forwarding.l3_learning:AQUI DPID 2 src_port 36087 dst_port 3366
INFO:forwarding.l3_learning:AQUI DPID 2 src_port 36087 dst_port 3366
INFO:forwarding.l3_learning:AQUI DPID 2 src_port 3366 dst_port 35614
INFO:forwarding.l3_learning:AQUI DPID 1 src_port 3366 dst_port 35614
INFO:forwarding.l3_learning:AQUI DPID 4 src_port 36087 dst_port 3366
INFO:forwarding.l3_learning:AQUI DPID 4 src_port 36087 dst_port 3366
INFO:forwarding.l3_learning:AQUI DPID 4 src_port 3366 dst_port 35614
INFO:forwarding.l3_learning:AQUI DPID 2 src_port 41651 dst_port 3366
INFO:forwarding.l3_learning:AQUI DPID 2 src_port 41651 dst_port 3366
INFO:forwarding.l3_learning:AQUI DPID 4 src_port 3366 dst_port 35614
INFO:forwarding.l3_learning:AQUI DPID 4 src_port 3366 dst_port 36087
INFO:forwarding.l3_learning:AQUI DPID 4 src_port 3366 dst_port 36087
INFO:forwarding.l3_learning:AQUI DPID 4 src_port 35617 dst_port 3366
INFO:forwarding.l3_learning:AQUI DPID 3 src_port 41651 dst_port 3366
INFO:forwarding.l3_learning:AQUI DPID 3 src_port 41651 dst_port 3366
INFO:forwarding.l3_learning:AQUI DPID 2 src_port 3366 dst_port 36087
INFO:forwarding.l3_learning:AQUI DPID 2 src_port 3366 dst_port 36087
INFO:forwarding.l3_learning:AQUI DPID 2 src_port 35617 dst_port 3366
INFO:forwarding.l3_learning:7 1 answering ARP for 10.0.0.4
INFO:forwarding.l3_learning:AQUI DPID 3 src_port 3366 dst_port 41651
INFO:forwarding.l3_learning:AQUI DPID 3 src_port 3366 dst_port 41651
INFO:forwarding.l3_learning:AQUI DPID 6 src_port 36087 dst_port 3366
INFO:forwarding.l3_learning:AQUI DPID 2 src_port 3366 dst_port 41651
INFO:forwarding.l3_learning:AQUI DPID 2 src_port 3366 dst_port 41651
INFO:forwarding.l3_learning:AQUI DPID 1 src_port 3366 dst_port 36087
INFO:forwarding.l3_learning:AQUI DPID 1 src_port 3366 dst_port 36087
INFO:forwarding.l3_learning:AQUI DPID 1 src_port 35617 dst_port 3366
INFO:forwarding.l3_learning:AQUI DPID 1 src_port 35617 dst_port 3366
INFO:forwarding.l3_learning:AQUI DPID 1 src_port 3366 dst_port 41651
INFO:forwarding.l3_learning:AQUI DPID 5 src_port 36087 dst_port 3366
INFO:forwarding.l3_learning:AQUI DPID 5 src_port 3366 dst_port 36087
INFO:forwarding.l3_learning:AQUI DPID 5 src_port 3366 dst_port 36087
INFO:forwarding.l3_learning:AQUI DPID 5 src_port 35617 dst_port 3366
INFO:forwarding.l3_learning:AQUI DPID 5 src_port 35617 dst_port 3366
INFO:forwarding.l3_learning:AQUI DPID 5 src_port 3366 dst_port 41651
INFO:forwarding.l3_learning:AQUI DPID 7 src_port 41651 dst_port 3366
INFO:forwarding.l3_learning:AQUI DPID 7 src_port 35617 dst_port 3366
INFO:forwarding.l3_learning:AQUI DPID 7 src_port 35617 dst_port 3366
INFO:forwarding.l3_learning:AQUI DPID 1 src_port 3366 dst_port 41651
INFO:forwarding.l3_learning:AQUI DPID 1 src_port 36087 dst_port 3366
INFO:forwarding.l3_learning:AQUI DPID 6 src_port 3366 dst_port 36087
INFO:forwarding.l3_learning:AQUI DPID 6 src_port 3366 dst_port 36087
INFO:forwarding.l3_learning:AQUI DPID 5 src_port 41651 dst_port 3366
INFO:forwarding.l3_learning:AQUI DPID 7 src_port 3366 dst_port 41651
INFO:forwarding.l3_learning:AQUI DPID 7 src_port 3366 dst_port 35617
INFO:forwarding.l3_learning:AQUI DPID 7 src_port 3366 dst_port 35617
INFO:forwarding.l3_learning:AQUI DPID 7 src_port 3366 dst_port 41651
INFO:forwarding.l3_learning:3 1 answering ARP for 10.0.0.8
INFO:forwarding.l3_learning:3 1 answering ARP for 10.0.0.8
INFO:forwarding.l3_learning:AQUI DPID 4 src_port 35617 dst_port 3366
INFO:forwarding.l3_learning:AQUI DPID 6 src_port 36090 dst_port 3366
INFO:forwarding.l3_learning:AQUI DPID 5 src_port 3366 dst_port 35617
INFO:forwarding.l3_learning:AQUI DPID 5 src_port 3366 dst_port 35617
INFO:forwarding.l3_learning:AQUI DPID 2 src_port 36087 dst_port 3366
INFO:forwarding.l3_learning:AQUI DPID 2 src_port 35617 dst_port 3366
INFO:forwarding.l3_learning:AQUI DPID 7 src_port 41654 dst_port 3366
INFO:forwarding.l3_learning:AQUI DPID 1 src_port 41651 dst_port 3366
INFO:forwarding.l3_learning:AQUI DPID 1 src_port 3366 dst_port 35617
INFO:forwarding.l3_learning:AQUI DPID 1 src_port 3366 dst_port 35617
INFO:forwarding.l3_learning:AQUI DPID 1 src_port 35617 dst_port 3366
INFO:forwarding.l3_learning:AQUI DPID 4 src_port 36087 dst_port 3366
INFO:forwarding.l3_learning:AQUI DPID 5 src_port 36090 dst_port 3366
INFO:forwarding.l3_learning:AQUI DPID 5 src_port 36090 dst_port 3366
INFO:forwarding.l3_learning:AQUI DPID 5 src_port 41654 dst_port 3366
INFO:forwarding.l3_learning:AQUI DPID 5 src_port 41654 dst_port 3366
INFO:forwarding.l3_learning:AQUI DPID 5 src_port 35617 dst_port 3366
INFO:forwarding.l3_learning:AQUI DPID 2 src_port 41651 dst_port 3366
INFO:forwarding.l3_learning:AQUI DPID 2 src_port 3366 dst_port 35617
INFO:forwarding.l3_learning:AQUI DPID 2 src_port 3366 dst_port 35617
INFO:forwarding.l3_learning:AQUI DPID 4 src_port 3366 dst_port 36087
INFO:forwarding.l3_learning:AQUI DPID 4 src_port 3366 dst_port 35617
INFO:forwarding.l3_learning:AQUI DPID 7 src_port 35617 dst_port 3366
INFO:forwarding.l3_learning:AQUI DPID 3 src_port 41651 dst_port 3366
INFO:forwarding.l3_learning:AQUI DPID 1 src_port 36090 dst_port 3366
INFO:forwarding.l3_learning:AQUI DPID 1 src_port 36090 dst_port 3366
INFO:forwarding.l3_learning:AQUI DPID 1 src_port 41654 dst_port 3366
INFO:forwarding.l3_learning:AQUI DPID 1 src_port 41654 dst_port 3366
INFO:forwarding.l3_learning:AQUI DPID 4 src_port 3366 dst_port 35617
INFO:forwarding.l3_learning:AQUI DPID 4 src_port 35620 dst_port 3366
INFO:forwarding.l3_learning:AQUI DPID 6 src_port 36090 dst_port 3366
INFO:forwarding.l3_learning:AQUI DPID 2 src_port 3366 dst_port 36087
INFO:forwarding.l3_learning:AQUI DPID 2 src_port 36090 dst_port 3366
INFO:forwarding.l3_learning:AQUI DPID 2 src_port 36090 dst_port 3366
INFO:forwarding.l3_learning:AQUI DPID 2 src_port 41654 dst_port 3366
INFO:forwarding.l3_learning:AQUI DPID 2 src_port 41654 dst_port 3366
INFO:forwarding.l3_learning:AQUI DPID 2 src_port 35620 dst_port 3366
INFO:forwarding.l3_learning:AQUI DPID 7 src_port 3366 dst_port 35617
INFO:forwarding.l3_learning:AQUI DPID 7 src_port 41654 dst_port 3366
INFO:forwarding.l3_learning:AQUI DPID 3 src_port 3366 dst_port 41651
INFO:forwarding.l3_learning:AQUI DPID 3 src_port 41654 dst_port 3366
INFO:forwarding.l3_learning:AQUI DPID 3 src_port 41654 dst_port 3366
INFO:forwarding.l3_learning:AQUI DPID 4 src_port 35620 dst_port 3366
INFO:forwarding.l3_learning:AQUI DPID 4 src_port 36090 dst_port 3366
INFO:forwarding.l3_learning:AQUI DPID 4 src_port 36090 dst_port 3366
INFO:forwarding.l3_learning:AQUI DPID 5 src_port 36090 dst_port 3366
INFO:forwarding.l3_learning:AQUI DPID 5 src_port 3366 dst_port 35617
INFO:forwarding.l3_learning:AQUI DPID 5 src_port 41654 dst_port 3366
INFO:forwarding.l3_learning:AQUI DPID 2 src_port 3366 dst_port 41651
INFO:forwarding.l3_learning:AQUI DPID 3 src_port 3366 dst_port 41654
INFO:forwarding.l3_learning:AQUI DPID 3 src_port 3366 dst_port 41654
INFO:forwarding.l3_learning:AQUI DPID 1 src_port 3366 dst_port 36087
INFO:forwarding.l3_learning:AQUI DPID 1 src_port 35620 dst_port 3366
INFO:forwarding.l3_learning:AQUI DPID 1 src_port 35620 dst_port 3366
INFO:forwarding.l3_learning:AQUI DPID 1 src_port 36090 dst_port 3366
INFO:forwarding.l3_learning:AQUI DPID 1 src_port 3366 dst_port 35617
INFO:forwarding.l3_learning:AQUI DPID 1 src_port 41654 dst_port 3366
INFO:forwarding.l3_learning:AQUI DPID 1 src_port 3366 dst_port 41651
INFO:forwarding.l3_learning:AQUI DPID 4 src_port 3366 dst_port 36090
INFO:forwarding.l3_learning:AQUI DPID 4 src_port 3366 dst_port 36090
INFO:forwarding.l3_learning:AQUI DPID 5 src_port 3366 dst_port 36087
INFO:forwarding.l3_learning:AQUI DPID 5 src_port 35620 dst_port 3366
INFO:forwarding.l3_learning:AQUI DPID 5 src_port 35620 dst_port 3366
INFO:forwarding.l3_learning:AQUI DPID 5 src_port 3366 dst_port 41651
INFO:forwarding.l3_learning:AQUI DPID 2 src_port 3366 dst_port 41654
INFO:forwarding.l3_learning:AQUI DPID 2 src_port 3366 dst_port 41654
INFO:forwarding.l3_learning:AQUI DPID 2 src_port 36090 dst_port 3366
INFO:forwarding.l3_learning:AQUI DPID 2 src_port 3366 dst_port 35617
INFO:forwarding.l3_learning:AQUI DPID 2 src_port 3366 dst_port 41654
INFO:forwarding.l3_learning:AQUI DPID 2 src_port 3366 dst_port 36090
INFO:forwarding.l3_learning:AQUI DPID 2 src_port 3366 dst_port 36090
INFO:forwarding.l3_learning:AQUI DPID 1 src_port 35620 dst_port 3366
INFO:forwarding.l3_learning:AQUI DPID 1 src_port 3366 dst_port 41654
INFO:forwarding.l3_learning:AQUI DPID 1 src_port 3366 dst_port 41654
INFO:forwarding.l3_learning:AQUI DPID 1 src_port 3366 dst_port 41654
INFO:forwarding.l3_learning:AQUI DPID 1 src_port 3366 dst_port 36090
INFO:forwarding.l3_learning:AQUI DPID 4 src_port 36090 dst_port 3366
INFO:forwarding.l3_learning:AQUI DPID 4 src_port 3366 dst_port 35617
INFO:forwarding.l3_learning:AQUI DPID 6 src_port 3366 dst_port 36087
INFO:forwarding.l3_learning:AQUI DPID 6 src_port 36090 dst_port 3366
INFO:forwarding.l3_learning:AQUI DPID 5 src_port 3366 dst_port 41654
INFO:forwarding.l3_learning:AQUI DPID 5 src_port 3366 dst_port 41654
INFO:forwarding.l3_learning:AQUI DPID 5 src_port 3366 dst_port 41654
INFO:forwarding.l3_learning:AQUI DPID 5 src_port 3366 dst_port 36090
INFO:forwarding.l3_learning:AQUI DPID 7 src_port 35620 dst_port 3366
INFO:forwarding.l3_learning:AQUI DPID 7 src_port 35620 dst_port 3366
INFO:forwarding.l3_learning:AQUI DPID 7 src_port 3366 dst_port 41651
INFO:forwarding.l3_learning:AQUI DPID 7 src_port 41654 dst_port 3366
INFO:forwarding.l3_learning:7 2 answering ARP for 10.0.0.1
INFO:forwarding.l3_learning:AQUI DPID 7 src_port 35620 dst_port 3366
INFO:forwarding.l3_learning:7 2 answering ARP for 10.0.0.1
INFO:forwarding.l3_learning:AQUI DPID 7 src_port 3366 dst_port 41654
INFO:forwarding.l3_learning:AQUI DPID 7 src_port 3366 dst_port 41654
INFO:forwarding.l3_learning:AQUI DPID 7 src_port 3366 dst_port 41654
INFO:forwarding.l3_learning:AQUI DPID 1 src_port 3366 dst_port 36090
INFO:forwarding.l3_learning:AQUI DPID 4 src_port 3366 dst_port 36090
INFO:forwarding.l3_learning:AQUI DPID 4 src_port 35620 dst_port 3366
INFO:forwarding.l3_learning:AQUI DPID 6 src_port 3366 dst_port 36090
INFO:forwarding.l3_learning:AQUI DPID 6 src_port 3366 dst_port 36090
INFO:forwarding.l3_learning:AQUI DPID 5 src_port 36090 dst_port 3366
INFO:forwarding.l3_learning:5 2 answering ARP for 10.0.0.1
INFO:forwarding.l3_learning:AQUI DPID 5 src_port 41654 dst_port 3366
INFO:forwarding.l3_learning:AQUI DPID 7 src_port 3366 dst_port 35620
INFO:forwarding.l3_learning:AQUI DPID 7 src_port 3366 dst_port 35620
INFO:forwarding.l3_learning:AQUI DPID 7 src_port 3366 dst_port 35620
INFO:forwarding.l3_learning:AQUI DPID 7 src_port 41656 dst_port 3366
INFO:forwarding.l3_learning:7 3 RE-learned 10.0.0.1
INFO:forwarding.l3_learning:AQUI DPID 6 src_port 36094 dst_port 3366
INFO:forwarding.l3_learning:AQUI DPID 5 src_port 3366 dst_port 35620
INFO:forwarding.l3_learning:AQUI DPID 5 src_port 3366 dst_port 35620
INFO:forwarding.l3_learning:AQUI DPID 5 src_port 3366 dst_port 35620
INFO:forwarding.l3_learning:AQUI DPID 5 src_port 41656 dst_port 3366
INFO:forwarding.l3_learning:AQUI DPID 2 src_port 3366 dst_port 36090
INFO:forwarding.l3_learning:AQUI DPID 2 src_port 35620 dst_port 3366
INFO:forwarding.l3_learning:AQUI DPID 7 src_port 41656 dst_port 3366
INFO:forwarding.l3_learning:AQUI DPID 1 src_port 36090 dst_port 3366
INFO:forwarding.l3_learning:AQUI DPID 1 src_port 41654 dst_port 3366
INFO:forwarding.l3_learning:AQUI DPID 1 src_port 3366 dst_port 35620
INFO:forwarding.l3_learning:AQUI DPID 1 src_port 3366 dst_port 35620
INFO:forwarding.l3_learning:AQUI DPID 1 src_port 3366 dst_port 35620
INFO:forwarding.l3_learning:AQUI DPID 1 src_port 41656 dst_port 3366
INFO:forwarding.l3_learning:AQUI DPID 1 src_port 3366 dst_port 36090
INFO:forwarding.l3_learning:AQUI DPID 1 src_port 35620 dst_port 3366
INFO:forwarding.l3_learning:AQUI DPID 5 src_port 36094 dst_port 3366
INFO:forwarding.l3_learning:AQUI DPID 5 src_port 36094 dst_port 3366
INFO:forwarding.l3_learning:AQUI DPID 5 src_port 41656 dst_port 3366
INFO:forwarding.l3_learning:AQUI DPID 5 src_port 3366 dst_port 36090
INFO:forwarding.l3_learning:AQUI DPID 5 src_port 35620 dst_port 3366
INFO:forwarding.l3_learning:AQUI DPID 2 src_port 36090 dst_port 3366
INFO:forwarding.l3_learning:AQUI DPID 2 src_port 41654 dst_port 3366
INFO:forwarding.l3_learning:AQUI DPID 2 src_port 3366 dst_port 35620
INFO:forwarding.l3_learning:AQUI DPID 2 src_port 3366 dst_port 35620
INFO:forwarding.l3_learning:AQUI DPID 2 src_port 3366 dst_port 35620
INFO:forwarding.l3_learning:AQUI DPID 2 src_port 41656 dst_port 3366
INFO:forwarding.l3_learning:AQUI DPID 2 src_port 41656 dst_port 3366
INFO:forwarding.l3_learning:AQUI DPID 2 src_port 41656 dst_port 3366
INFO:forwarding.l3_learning:AQUI DPID 4 src_port 36090 dst_port 3366
INFO:forwarding.l3_learning:AQUI DPID 4 src_port 3366 dst_port 35620
INFO:forwarding.l3_learning:AQUI DPID 4 src_port 3366 dst_port 35620
INFO:forwarding.l3_learning:AQUI DPID 4 src_port 3366 dst_port 35620
INFO:forwarding.l3_learning:AQUI DPID 6 src_port 3366 dst_port 36090
INFO:forwarding.l3_learning:AQUI DPID 6 src_port 36094 dst_port 3366
INFO:forwarding.l3_learning:AQUI DPID 7 src_port 35620 dst_port 3366
INFO:forwarding.l3_learning:AQUI DPID 3 src_port 41654 dst_port 3366
INFO:forwarding.l3_learning:AQUI DPID 3 src_port 41656 dst_port 3366
INFO:forwarding.l3_learning:AQUI DPID 3 src_port 41656 dst_port 3366
INFO:forwarding.l3_learning:AQUI DPID 3 src_port 41656 dst_port 3366
INFO:forwarding.l3_learning:AQUI DPID 1 src_port 36094 dst_port 3366
INFO:forwarding.l3_learning:AQUI DPID 1 src_port 36094 dst_port 3366
INFO:forwarding.l3_learning:AQUI DPID 1 src_port 36094 dst_port 3366
INFO:forwarding.l3_learning:AQUI DPID 4 src_port 3366 dst_port 36090
INFO:forwarding.l3_learning:AQUI DPID 4 src_port 35623 dst_port 3366
INFO:forwarding.l3_learning:AQUI DPID 2 src_port 36094 dst_port 3366
INFO:forwarding.l3_learning:AQUI DPID 2 src_port 36094 dst_port 3366
INFO:forwarding.l3_learning:AQUI DPID 2 src_port 36094 dst_port 3366
INFO:forwarding.l3_learning:AQUI DPID 2 src_port 3366 dst_port 36090
INFO:forwarding.l3_learning:AQUI DPID 7 src_port 3366 dst_port 35620
INFO:forwarding.l3_learning:AQUI DPID 3 src_port 3366 dst_port 41654
INFO:forwarding.l3_learning:AQUI DPID 3 src_port 3366 dst_port 41656
INFO:forwarding.l3_learning:AQUI DPID 3 src_port 3366 dst_port 41656
INFO:forwarding.l3_learning:AQUI DPID 3 src_port 3366 dst_port 41656
INFO:forwarding.l3_learning:AQUI DPID 4 src_port 36094 dst_port 3366
INFO:forwarding.l3_learning:AQUI DPID 4 src_port 36094 dst_port 3366
INFO:forwarding.l3_learning:AQUI DPID 4 src_port 36094 dst_port 3366
INFO:forwarding.l3_learning:AQUI DPID 5 src_port 3366 dst_port 35620
INFO:forwarding.l3_learning:AQUI DPID 2 src_port 35623 dst_port 3366
INFO:forwarding.l3_learning:AQUI DPID 2 src_port 35623 dst_port 3366
INFO:forwarding.l3_learning:AQUI DPID 2 src_port 3366 dst_port 41654
INFO:forwarding.l3_learning:AQUI DPID 2 src_port 3366 dst_port 41656
INFO:forwarding.l3_learning:AQUI DPID 2 src_port 3366 dst_port 41656
INFO:forwarding.l3_learning:AQUI DPID 2 src_port 3366 dst_port 41656
INFO:forwarding.l3_learning:AQUI DPID 1 src_port 3366 dst_port 36090
INFO:forwarding.l3_learning:AQUI DPID 1 src_port 3366 dst_port 35620
INFO:forwarding.l3_learning:AQUI DPID 1 src_port 35623 dst_port 3366
INFO:forwarding.l3_learning:AQUI DPID 1 src_port 35623 dst_port 3366
INFO:forwarding.l3_learning:AQUI DPID 1 src_port 3366 dst_port 41654
INFO:forwarding.l3_learning:AQUI DPID 1 src_port 3366 dst_port 41656
INFO:forwarding.l3_learning:AQUI DPID 1 src_port 3366 dst_port 41656
INFO:forwarding.l3_learning:AQUI DPID 4 src_port 3366 dst_port 36094
INFO:forwarding.l3_learning:AQUI DPID 4 src_port 3366 dst_port 36094
INFO:forwarding.l3_learning:AQUI DPID 4 src_port 3366 dst_port 36094
INFO:forwarding.l3_learning:AQUI DPID 5 src_port 3366 dst_port 36090
INFO:forwarding.l3_learning:AQUI DPID 5 src_port 35623 dst_port 3366
INFO:forwarding.l3_learning:AQUI DPID 5 src_port 35623 dst_port 3366
INFO:forwarding.l3_learning:AQUI DPID 5 src_port 3366 dst_port 41654
INFO:forwarding.l3_learning:AQUI DPID 5 src_port 3366 dst_port 41656
INFO:forwarding.l3_learning:AQUI DPID 5 src_port 3366 dst_port 41656
INFO:forwarding.l3_learning:AQUI DPID 2 src_port 3366 dst_port 35620
INFO:forwarding.l3_learning:AQUI DPID 2 src_port 3366 dst_port 36094
INFO:forwarding.l3_learning:AQUI DPID 2 src_port 3366 dst_port 36094
INFO:forwarding.l3_learning:AQUI DPID 2 src_port 3366 dst_port 36094
INFO:forwarding.l3_learning:AQUI DPID 1 src_port 3366 dst_port 41656
INFO:forwarding.l3_learning:AQUI DPID 1 src_port 3366 dst_port 36094
INFO:forwarding.l3_learning:AQUI DPID 1 src_port 3366 dst_port 36094
INFO:forwarding.l3_learning:AQUI DPID 4 src_port 35623 dst_port 3366
INFO:forwarding.l3_learning:AQUI DPID 4 src_port 3366 dst_port 35620
INFO:forwarding.l3_learning:AQUI DPID 6 src_port 3366 dst_port 36090
INFO:forwarding.l3_learning:AQUI DPID 6 src_port 36094 dst_port 3366
INFO:forwarding.l3_learning:AQUI DPID 5 src_port 3366 dst_port 36094
INFO:forwarding.l3_learning:AQUI DPID 5 src_port 3366 dst_port 36094
INFO:forwarding.l3_learning:AQUI DPID 7 src_port 41656 dst_port 3366
INFO:forwarding.l3_learning:AQUI DPID 7 src_port 35623 dst_port 3366
INFO:forwarding.l3_learning:AQUI DPID 7 src_port 35623 dst_port 3366
INFO:forwarding.l3_learning:AQUI DPID 7 src_port 3366 dst_port 41654
INFO:forwarding.l3_learning:AQUI DPID 7 src_port 3366 dst_port 41656
INFO:forwarding.l3_learning:AQUI DPID 7 src_port 3366 dst_port 41656
INFO:forwarding.l3_learning:AQUI DPID 7 src_port 3366 dst_port 41656
INFO:forwarding.l3_learning:AQUI DPID 1 src_port 3366 dst_port 36094
INFO:forwarding.l3_learning:AQUI DPID 6 src_port 3366 dst_port 36094
INFO:forwarding.l3_learning:AQUI DPID 6 src_port 3366 dst_port 36094
INFO:forwarding.l3_learning:AQUI DPID 5 src_port 36094 dst_port 3366
INFO:forwarding.l3_learning:AQUI DPID 5 src_port 41656 dst_port 3366
INFO:forwarding.l3_learning:AQUI DPID 2 src_port 35623 dst_port 3366
INFO:forwarding.l3_learning:AQUI DPID 7 src_port 3366 dst_port 35623
INFO:forwarding.l3_learning:AQUI DPID 7 src_port 3366 dst_port 35623
INFO:forwarding.l3_learning:AQUI DPID 7 src_port 41659 dst_port 3366
INFO:forwarding.l3_learning:AQUI DPID 4 src_port 35623 dst_port 3366
INFO:forwarding.l3_learning:AQUI DPID 6 src_port 3366 dst_port 36094
INFO:forwarding.l3_learning:AQUI DPID 6 src_port 36097 dst_port 3366
INFO:forwarding.l3_learning:AQUI DPID 5 src_port 3366 dst_port 35623
INFO:forwarding.l3_learning:AQUI DPID 5 src_port 3366 dst_port 35623
INFO:forwarding.l3_learning:AQUI DPID 5 src_port 41659 dst_port 3366
INFO:forwarding.l3_learning:AQUI DPID 7 src_port 41659 dst_port 3366
INFO:forwarding.l3_learning:AQUI DPID 1 src_port 36094 dst_port 3366
INFO:forwarding.l3_learning:AQUI DPID 1 src_port 41656 dst_port 3366
INFO:forwarding.l3_learning:AQUI DPID 1 src_port 35623 dst_port 3366
INFO:forwarding.l3_learning:AQUI DPID 1 src_port 35623 dst_port 3366
INFO:forwarding.l3_learning:AQUI DPID 1 src_port 3366 dst_port 35623
INFO:forwarding.l3_learning:AQUI DPID 1 src_port 3366 dst_port 35623
INFO:forwarding.l3_learning:AQUI DPID 1 src_port 41659 dst_port 3366
INFO:forwarding.l3_learning:AQUI DPID 6 src_port 36097 dst_port 3366
INFO:forwarding.l3_learning:AQUI DPID 5 src_port 36097 dst_port 3366
INFO:forwarding.l3_learning:AQUI DPID 5 src_port 35623 dst_port 3366
INFO:forwarding.l3_learning:AQUI DPID 5 src_port 35623 dst_port 3366
INFO:forwarding.l3_learning:AQUI DPID 2 src_port 36094 dst_port 3366
INFO:forwarding.l3_learning:AQUI DPID 2 src_port 41656 dst_port 3366
INFO:forwarding.l3_learning:AQUI DPID 2 src_port 3366 dst_port 35623
INFO:forwarding.l3_learning:AQUI DPID 2 src_port 3366 dst_port 35623
INFO:forwarding.l3_learning:AQUI DPID 2 src_port 41659 dst_port 3366
INFO:forwarding.l3_learning:2 2 answering ARP for 10.0.0.5
INFO:forwarding.l3_learning:AQUI DPID 1 src_port 41659 dst_port 3366
INFO:forwarding.l3_learning:AQUI DPID 1 src_port 36097 dst_port 3366
INFO:forwarding.l3_learning:1 1 answering ARP for 10.0.0.5
INFO:forwarding.l3_learning:AQUI DPID 4 src_port 36094 dst_port 3366
INFO:forwarding.l3_learning:AQUI DPID 4 src_port 3366 dst_port 35623
INFO:forwarding.l3_learning:AQUI DPID 4 src_port 3366 dst_port 35623
INFO:forwarding.l3_learning:4 3 RE-learned 10.0.0.5
INFO:forwarding.l3_learning:AQUI DPID 5 src_port 36097 dst_port 3366
INFO:forwarding.l3_learning:AQUI DPID 2 src_port 36097 dst_port 3366
INFO:forwarding.l3_learning:2 3 RE-learned 10.0.0.5
INFO:forwarding.l3_learning:2 2 answering ARP for 10.0.0.5
INFO:forwarding.l3_learning:AQUI DPID 7 src_port 35623 dst_port 3366
INFO:forwarding.l3_learning:AQUI DPID 7 src_port 35623 dst_port 3366
INFO:forwarding.l3_learning:AQUI DPID 7 src_port 41659 dst_port 3366
INFO:forwarding.l3_learning:AQUI DPID 3 src_port 41656 dst_port 3366
INFO:forwarding.l3_learning:AQUI DPID 3 src_port 41659 dst_port 3366
INFO:forwarding.l3_learning:AQUI DPID 3 src_port 41659 dst_port 3366
INFO:forwarding.l3_learning:3 3 RE-learned 10.0.0.5
INFO:forwarding.l3_learning:AQUI DPID 1 src_port 36097 dst_port 3366
INFO:forwarding.l3_learning:4 1 answering ARP for 10.0.0.5
INFO:forwarding.l3_learning:AQUI DPID 4 src_port 35626 dst_port 3366
INFO:forwarding.l3_learning:AQUI DPID 4 src_port 3366 dst_port 36094
INFO:forwarding.l3_learning:AQUI DPID 4 src_port 36097 dst_port 3366
INFO:forwarding.l3_learning:4 3 RE-learned 10.0.0.5
INFO:forwarding.l3_learning:4 3 RE-learned 10.0.0.5
INFO:forwarding.l3_learning:AQUI DPID 5 src_port 41659 dst_port 3366
INFO:forwarding.l3_learning:AQUI DPID 2 src_port 36097 dst_port 3366
INFO:forwarding.l3_learning:AQUI DPID 2 src_port 35626 dst_port 3366
INFO:forwarding.l3_learning:AQUI DPID 2 src_port 35626 dst_port 3366
INFO:forwarding.l3_learning:AQUI DPID 2 src_port 3366 dst_port 36094
INFO:forwarding.l3_learning:AQUI DPID 7 src_port 3366 dst_port 35623
INFO:forwarding.l3_learning:AQUI DPID 7 src_port 3366 dst_port 35623
INFO:forwarding.l3_learning:AQUI DPID 3 src_port 3366 dst_port 41656
INFO:forwarding.l3_learning:AQUI DPID 3 src_port 3366 dst_port 41659
INFO:forwarding.l3_learning:AQUI DPID 3 src_port 3366 dst_port 41659
INFO:forwarding.l3_learning:AQUI DPID 4 src_port 36097 dst_port 3366
INFO:forwarding.l3_learning:AQUI DPID 4 src_port 3366 dst_port 36097
INFO:forwarding.l3_learning:AQUI DPID 4 src_port 3366 dst_port 36097
INFO:forwarding.l3_learning:AQUI DPID 5 src_port 3366 dst_port 35623
INFO:forwarding.l3_learning:AQUI DPID 5 src_port 3366 dst_port 35623
INFO:forwarding.l3_learning:AQUI DPID 2 src_port 3366 dst_port 41656
INFO:forwarding.l3_learning:AQUI DPID 2 src_port 3366 dst_port 41659
INFO:forwarding.l3_learning:AQUI DPID 2 src_port 3366 dst_port 41659
INFO:forwarding.l3_learning:AQUI DPID 2 src_port 3366 dst_port 36097
INFO:forwarding.l3_learning:AQUI DPID 2 src_port 3366 dst_port 36097
INFO:forwarding.l3_learning:AQUI DPID 1 src_port 41659 dst_port 3366
INFO:forwarding.l3_learning:AQUI DPID 1 src_port 35626 dst_port 3366
INFO:forwarding.l3_learning:AQUI DPID 1 src_port 35626 dst_port 3366
INFO:forwarding.l3_learning:AQUI DPID 1 src_port 3366 dst_port 36094
INFO:forwarding.l3_learning:AQUI DPID 1 src_port 3366 dst_port 35623
INFO:forwarding.l3_learning:AQUI DPID 1 src_port 3366 dst_port 35623
INFO:forwarding.l3_learning:AQUI DPID 1 src_port 3366 dst_port 41656
INFO:forwarding.l3_learning:AQUI DPID 1 src_port 3366 dst_port 41659
INFO:forwarding.l3_learning:AQUI DPID 1 src_port 3366 dst_port 41659
INFO:forwarding.l3_learning:AQUI DPID 1 src_port 3366 dst_port 36097
INFO:forwarding.l3_learning:AQUI DPID 4 src_port 3366 dst_port 36097
INFO:forwarding.l3_learning:AQUI DPID 4 src_port 35626 dst_port 3366
INFO:forwarding.l3_learning:AQUI DPID 6 src_port 36097 dst_port 3366
INFO:forwarding.l3_learning:AQUI DPID 5 src_port 35626 dst_port 3366
INFO:forwarding.l3_learning:AQUI DPID 5 src_port 35626 dst_port 3366
INFO:forwarding.l3_learning:AQUI DPID 5 src_port 3366 dst_port 36094
INFO:forwarding.l3_learning:AQUI DPID 5 src_port 3366 dst_port 41656
INFO:forwarding.l3_learning:AQUI DPID 5 src_port 3366 dst_port 41659
INFO:forwarding.l3_learning:AQUI DPID 5 src_port 3366 dst_port 41659
INFO:forwarding.l3_learning:AQUI DPID 5 src_port 3366 dst_port 36097
INFO:forwarding.l3_learning:AQUI DPID 5 src_port 3366 dst_port 36097
INFO:forwarding.l3_learning:AQUI DPID 2 src_port 41659 dst_port 3366
INFO:forwarding.l3_learning:AQUI DPID 2 src_port 3366 dst_port 35623
INFO:forwarding.l3_learning:AQUI DPID 2 src_port 3366 dst_port 35623
INFO:forwarding.l3_learning:AQUI DPID 2 src_port 35626 dst_port 3366
INFO:forwarding.l3_learning:AQUI DPID 7 src_port 41659 dst_port 3366
INFO:forwarding.l3_learning:AQUI DPID 7 src_port 35626 dst_port 3366
INFO:forwarding.l3_learning:AQUI DPID 7 src_port 35626 dst_port 3366
INFO:forwarding.l3_learning:AQUI DPID 7 src_port 3366 dst_port 41656
INFO:forwarding.l3_learning:AQUI DPID 7 src_port 3366 dst_port 41659
INFO:forwarding.l3_learning:AQUI DPID 7 src_port 3366 dst_port 41659
INFO:forwarding.l3_learning:AQUI DPID 1 src_port 3366 dst_port 36097
INFO:forwarding.l3_learning:AQUI DPID 1 src_port 35626 dst_port 3366
INFO:forwarding.l3_learning:AQUI DPID 4 src_port 3366 dst_port 35623
INFO:forwarding.l3_learning:AQUI DPID 4 src_port 3366 dst_port 35623
INFO:forwarding.l3_learning:AQUI DPID 6 src_port 3366 dst_port 36094
INFO:forwarding.l3_learning:AQUI DPID 6 src_port 3366 dst_port 36097
INFO:forwarding.l3_learning:AQUI DPID 6 src_port 3366 dst_port 36097
INFO:forwarding.l3_learning:AQUI DPID 6 src_port 3366 dst_port 36097
INFO:forwarding.l3_learning:AQUI DPID 5 src_port 36097 dst_port 3366
INFO:forwarding.l3_learning:AQUI DPID 5 src_port 41659 dst_port 3366
INFO:forwarding.l3_learning:AQUI DPID 5 src_port 35626 dst_port 3366
INFO:forwarding.l3_learning:AQUI DPID 7 src_port 3366 dst_port 35626
INFO:forwarding.l3_learning:AQUI DPID 7 src_port 3366 dst_port 35626
INFO:forwarding.l3_learning:AQUI DPID 7 src_port 41662 dst_port 3366
INFO:forwarding.l3_learning:AQUI DPID 7 src_port 41662 dst_port 3366
INFO:forwarding.l3_learning:AQUI DPID 3 src_port 41659 dst_port 3366
INFO:forwarding.l3_learning:AQUI DPID 4 src_port 35626 dst_port 3366
INFO:forwarding.l3_learning:AQUI DPID 6 src_port 36100 dst_port 3366
INFO:forwarding.l3_learning:AQUI DPID 6 src_port 36100 dst_port 3366
INFO:forwarding.l3_learning:AQUI DPID 5 src_port 3366 dst_port 35626
INFO:forwarding.l3_learning:AQUI DPID 5 src_port 3366 dst_port 35626
INFO:forwarding.l3_learning:AQUI DPID 5 src_port 41662 dst_port 3366
INFO:forwarding.l3_learning:AQUI DPID 5 src_port 41662 dst_port 3366
INFO:forwarding.l3_learning:AQUI DPID 5 src_port 36100 dst_port 3366
INFO:forwarding.l3_learning:AQUI DPID 7 src_port 3366 dst_port 35626
INFO:forwarding.l3_learning:AQUI DPID 1 src_port 36097 dst_port 3366
INFO:forwarding.l3_learning:AQUI DPID 1 src_port 41659 dst_port 3366
INFO:forwarding.l3_learning:AQUI DPID 1 src_port 3366 dst_port 35626
INFO:forwarding.l3_learning:AQUI DPID 1 src_port 3366 dst_port 35626
INFO:forwarding.l3_learning:AQUI DPID 1 src_port 41662 dst_port 3366
INFO:forwarding.l3_learning:AQUI DPID 1 src_port 41662 dst_port 3366
INFO:forwarding.l3_learning:AQUI DPID 1 src_port 36100 dst_port 3366
INFO:forwarding.l3_learning:AQUI DPID 5 src_port 36100 dst_port 3366
INFO:forwarding.l3_learning:AQUI DPID 2 src_port 35626 dst_port 3366
INFO:forwarding.l3_learning:AQUI DPID 2 src_port 36097 dst_port 3366
INFO:forwarding.l3_learning:AQUI DPID 2 src_port 41659 dst_port 3366
INFO:forwarding.l3_learning:AQUI DPID 2 src_port 3366 dst_port 35626
INFO:forwarding.l3_learning:AQUI DPID 2 src_port 3366 dst_port 35626
INFO:forwarding.l3_learning:AQUI DPID 2 src_port 41662 dst_port 3366
INFO:forwarding.l3_learning:AQUI DPID 2 src_port 41662 dst_port 3366
INFO:forwarding.l3_learning:AQUI DPID 2 src_port 36100 dst_port 3366
INFO:forwarding.l3_learning:AQUI DPID 3 src_port 3366 dst_port 41659
INFO:forwarding.l3_learning:AQUI DPID 3 src_port 41659 dst_port 3366
INFO:forwarding.l3_learning:AQUI DPID 3 src_port 41662 dst_port 3366
INFO:forwarding.l3_learning:AQUI DPID 3 src_port 41662 dst_port 3366
INFO:forwarding.l3_learning:AQUI DPID 1 src_port 3366 dst_port 35626
INFO:forwarding.l3_learning:AQUI DPID 1 src_port 41662 dst_port 3366
INFO:forwarding.l3_learning:AQUI DPID 1 src_port 35626 dst_port 3366
INFO:forwarding.l3_learning:AQUI DPID 4 src_port 36097 dst_port 3366
INFO:forwarding.l3_learning:AQUI DPID 4 src_port 3366 dst_port 35626
INFO:forwarding.l3_learning:AQUI DPID 4 src_port 3366 dst_port 35626
INFO:forwarding.l3_learning:AQUI DPID 4 src_port 36100 dst_port 3366
INFO:forwarding.l3_learning:AQUI DPID 4 src_port 3366 dst_port 35626
INFO:forwarding.l3_learning:AQUI DPID 6 src_port 36100 dst_port 3366
INFO:forwarding.l3_learning:AQUI DPID 2 src_port 36100 dst_port 3366
INFO:forwarding.l3_learning:AQUI DPID 2 src_port 3366 dst_port 41659
INFO:forwarding.l3_learning:AQUI DPID 2 src_port 3366 dst_port 41659
INFO:forwarding.l3_learning:AQUI DPID 3 src_port 3366 dst_port 41662
INFO:forwarding.l3_learning:AQUI DPID 3 src_port 3366 dst_port 41662
INFO:forwarding.l3_learning:AQUI DPID 3 src_port 3366 dst_port 41662
INFO:forwarding.l3_learning:AQUI DPID 4 src_port 3366 dst_port 36097
INFO:forwarding.l3_learning:AQUI DPID 4 src_port 35629 dst_port 3366
INFO:forwarding.l3_learning:AQUI DPID 4 src_port 3366 dst_port 36100
INFO:forwarding.l3_learning:AQUI DPID 4 src_port 3366 dst_port 36100
INFO:forwarding.l3_learning:AQUI DPID 4 src_port 35629 dst_port 3366
INFO:forwarding.l3_learning:AQUI DPID 5 src_port 35626 dst_port 3366
INFO:forwarding.l3_learning:AQUI DPID 5 src_port 36100 dst_port 3366
INFO:forwarding.l3_learning:AQUI DPID 2 src_port 3366 dst_port 41662
INFO:forwarding.l3_learning:AQUI DPID 2 src_port 3366 dst_port 41662
INFO:forwarding.l3_learning:AQUI DPID 2 src_port 3366 dst_port 41662
INFO:forwarding.l3_learning:AQUI DPID 2 src_port 3366 dst_port 36097
INFO:forwarding.l3_learning:AQUI DPID 2 src_port 35629 dst_port 3366
INFO:forwarding.l3_learning:AQUI DPID 2 src_port 3366 dst_port 36100
INFO:forwarding.l3_learning:AQUI DPID 2 src_port 3366 dst_port 36100
INFO:forwarding.l3_learning:AQUI DPID 2 src_port 35629 dst_port 3366
INFO:forwarding.l3_learning:AQUI DPID 1 src_port 3366 dst_port 41659
INFO:forwarding.l3_learning:AQUI DPID 1 src_port 3366 dst_port 41659
INFO:forwarding.l3_learning:AQUI DPID 1 src_port 36100 dst_port 3366
INFO:forwarding.l3_learning:AQUI DPID 1 src_port 3366 dst_port 41662
INFO:forwarding.l3_learning:AQUI DPID 1 src_port 3366 dst_port 41662
INFO:forwarding.l3_learning:AQUI DPID 1 src_port 3366 dst_port 41662
INFO:forwarding.l3_learning:AQUI DPID 1 src_port 3366 dst_port 36097
INFO:forwarding.l3_learning:AQUI DPID 1 src_port 35629 dst_port 3366
INFO:forwarding.l3_learning:AQUI DPID 1 src_port 3366 dst_port 36100
INFO:forwarding.l3_learning:AQUI DPID 1 src_port 3366 dst_port 36100
INFO:forwarding.l3_learning:AQUI DPID 6 src_port 36100 dst_port 3366
INFO:forwarding.l3_learning:AQUI DPID 5 src_port 3366 dst_port 41659
INFO:forwarding.l3_learning:AQUI DPID 5 src_port 3366 dst_port 41659
INFO:forwarding.l3_learning:AQUI DPID 5 src_port 3366 dst_port 41662
INFO:forwarding.l3_learning:AQUI DPID 5 src_port 3366 dst_port 41662
INFO:forwarding.l3_learning:AQUI DPID 5 src_port 3366 dst_port 41662
INFO:forwarding.l3_learning:AQUI DPID 5 src_port 3366 dst_port 36097
INFO:forwarding.l3_learning:AQUI DPID 5 src_port 35629 dst_port 3366
INFO:forwarding.l3_learning:AQUI DPID 5 src_port 3366 dst_port 36100
INFO:forwarding.l3_learning:AQUI DPID 5 src_port 3366 dst_port 36100
INFO:forwarding.l3_learning:AQUI DPID 5 src_port 36100 dst_port 3366
INFO:forwarding.l3_learning:AQUI DPID 2 src_port 36100 dst_port 3366
INFO:forwarding.l3_learning:AQUI DPID 7 src_port 41662 dst_port 3366
INFO:forwarding.l3_learning:AQUI DPID 7 src_port 35626 dst_port 3366
INFO:forwarding.l3_learning:AQUI DPID 7 src_port 3366 dst_port 41659
INFO:forwarding.l3_learning:AQUI DPID 7 src_port 3366 dst_port 41659
INFO:forwarding.l3_learning:AQUI DPID 7 src_port 3366 dst_port 41662
INFO:forwarding.l3_learning:AQUI DPID 7 src_port 3366 dst_port 41662
INFO:forwarding.l3_learning:AQUI DPID 7 src_port 3366 dst_port 41662
INFO:forwarding.l3_learning:AQUI DPID 7 src_port 35629 dst_port 3366
INFO:forwarding.l3_learning:AQUI DPID 1 src_port 35629 dst_port 3366
INFO:forwarding.l3_learning:AQUI DPID 1 src_port 35629 dst_port 3366
INFO:forwarding.l3_learning:1 2 answering ARP for 10.0.0.3
INFO:forwarding.l3_learning:1 2 answering ARP for 10.0.0.3
INFO:forwarding.l3_learning:AQUI DPID 1 src_port 36100 dst_port 3366
INFO:forwarding.l3_learning:AQUI DPID 4 src_port 36100 dst_port 3366
INFO:forwarding.l3_learning:AQUI DPID 6 src_port 3366 dst_port 36097
INFO:forwarding.l3_learning:AQUI DPID 6 src_port 3366 dst_port 36100
INFO:forwarding.l3_learning:AQUI DPID 6 src_port 3366 dst_port 36100
INFO:forwarding.l3_learning:5 1 answering ARP for 10.0.0.3
INFO:forwarding.l3_learning:AQUI DPID 5 src_port 41662 dst_port 3366
INFO:forwarding.l3_learning:5 2 answering ARP for 10.0.0.1
INFO:forwarding.l3_learning:5 2 answering ARP for 10.0.0.1
INFO:forwarding.l3_learning:5 3 RE-learned 10.0.0.3
INFO:forwarding.l3_learning:7 2 answering ARP for 10.0.0.1
INFO:forwarding.l3_learning:AQUI DPID 7 src_port 3366 dst_port 35626
INFO:forwarding.l3_learning:AQUI DPID 7 src_port 41665 dst_port 3366
INFO:forwarding.l3_learning:AQUI DPID 7 src_port 3366 dst_port 35629
INFO:forwarding.l3_learning:AQUI DPID 7 src_port 3366 dst_port 35629
INFO:forwarding.l3_learning:AQUI DPID 7 src_port 3366 dst_port 35629
INFO:forwarding.l3_learning:7 3 RE-learned 10.0.0.1
INFO:forwarding.l3_learning:7 3 RE-learned 10.0.0.3
INFO:forwarding.l3_learning:AQUI DPID 4 src_port 36100 dst_port 3366
INFO:forwarding.l3_learning:AQUI DPID 4 src_port 3366 dst_port 36100
INFO:forwarding.l3_learning:6 1 answering ARP for 10.0.0.3
INFO:forwarding.l3_learning:6 3 RE-learned 10.0.0.3
INFO:forwarding.l3_learning:6 3 RE-learned 10.0.0.3
INFO:forwarding.l3_learning:AQUI DPID 5 src_port 3366 dst_port 35626
INFO:forwarding.l3_learning:AQUI DPID 5 src_port 41665 dst_port 3366
INFO:forwarding.l3_learning:AQUI DPID 5 src_port 3366 dst_port 35629
INFO:forwarding.l3_learning:AQUI DPID 5 src_port 3366 dst_port 35629
INFO:forwarding.l3_learning:AQUI DPID 5 src_port 3366 dst_port 35629
INFO:forwarding.l3_learning:AQUI DPID 7 src_port 41665 dst_port 3366
INFO:forwarding.l3_learning:AQUI DPID 1 src_port 41662 dst_port 3366
INFO:forwarding.l3_learning:1 1 answering ARP for 10.0.0.8
INFO:forwarding.l3_learning:1 1 answering ARP for 10.0.0.8
INFO:forwarding.l3_learning:1 1 answering ARP for 10.0.0.8
INFO:forwarding.l3_learning:AQUI DPID 1 src_port 3366 dst_port 35626
INFO:forwarding.l3_learning:AQUI DPID 1 src_port 41665 dst_port 3366
INFO:forwarding.l3_learning:AQUI DPID 1 src_port 3366 dst_port 35629
INFO:forwarding.l3_learning:AQUI DPID 1 src_port 3366 dst_port 35629
INFO:forwarding.l3_learning:AQUI DPID 1 src_port 3366 dst_port 35629
INFO:forwarding.l3_learning:AQUI DPID 4 src_port 3366 dst_port 36100
INFO:forwarding.l3_learning:AQUI DPID 4 src_port 35629 dst_port 3366
INFO:forwarding.l3_learning:AQUI DPID 6 src_port 36103 dst_port 3366
INFO:forwarding.l3_learning:AQUI DPID 6 src_port 36103 dst_port 3366
INFO:forwarding.l3_learning:AQUI DPID 5 src_port 41665 dst_port 3366
INFO:forwarding.l3_learning:AQUI DPID 5 src_port 36103 dst_port 3366
INFO:forwarding.l3_learning:AQUI DPID 2 src_port 3366 dst_port 36100
INFO:forwarding.l3_learning:AQUI DPID 2 src_port 41662 dst_port 3366
INFO:forwarding.l3_learning:2 3 RE-learned 10.0.0.8
INFO:forwarding.l3_learning:AQUI DPID 2 src_port 3366 dst_port 35626
INFO:forwarding.l3_learning:AQUI DPID 2 src_port 41665 dst_port 3366
INFO:forwarding.l3_learning:AQUI DPID 2 src_port 3366 dst_port 35629
INFO:forwarding.l3_learning:AQUI DPID 2 src_port 3366 dst_port 35629
INFO:forwarding.l3_learning:AQUI DPID 2 src_port 3366 dst_port 35629
INFO:forwarding.l3_learning:AQUI DPID 2 src_port 3366 dst_port 36100
INFO:forwarding.l3_learning:2 2 answering ARP for 10.0.0.7
INFO:forwarding.l3_learning:AQUI DPID 2 src_port 35629 dst_port 3366
INFO:forwarding.l3_learning:AQUI DPID 2 src_port 41665 dst_port 3366
INFO:forwarding.l3_learning:4 3 RE-learned 10.0.0.8
INFO:forwarding.l3_learning:AQUI DPID 4 src_port 3366 dst_port 35626
INFO:forwarding.l3_learning:AQUI DPID 4 src_port 3366 dst_port 35629
INFO:forwarding.l3_learning:AQUI DPID 4 src_port 3366 dst_port 35629
INFO:forwarding.l3_learning:AQUI DPID 4 src_port 3366 dst_port 35629
INFO:forwarding.l3_learning:4 3 RE-learned 10.0.0.7
INFO:forwarding.l3_learning:AQUI DPID 5 src_port 36103 dst_port 3366
INFO:forwarding.l3_learning:AQUI DPID 5 src_port 41665 dst_port 3366
INFO:forwarding.l3_learning:AQUI DPID 3 src_port 41662 dst_port 3366
INFO:forwarding.l3_learning:3 3 RE-learned 10.0.0.8
INFO:forwarding.l3_learning:AQUI DPID 3 src_port 41665 dst_port 3366
INFO:forwarding.l3_learning:AQUI DPID 3 src_port 41665 dst_port 3366
INFO:forwarding.l3_learning:AQUI DPID 1 src_port 36103 dst_port 3366
INFO:forwarding.l3_learning:AQUI DPID 1 src_port 3366 dst_port 36100
INFO:forwarding.l3_learning:1 1 answering ARP for 10.0.0.7
INFO:forwarding.l3_learning:AQUI DPID 1 src_port 3366 dst_port 36100
INFO:forwarding.l3_learning:AQUI DPID 1 src_port 36103 dst_port 3366
INFO:forwarding.l3_learning:AQUI DPID 1 src_port 35629 dst_port 3366
INFO:forwarding.l3_learning:AQUI DPID 1 src_port 36103 dst_port 3366
INFO:forwarding.l3_learning:AQUI DPID 1 src_port 41665 dst_port 3366
INFO:forwarding.l3_learning:4 2 answering ARP for 10.0.0.7
INFO:forwarding.l3_learning:AQUI DPID 4 src_port 35632 dst_port 3366
INFO:forwarding.l3_learning:AQUI DPID 4 src_port 35632 dst_port 3366
INFO:forwarding.l3_learning:AQUI DPID 5 src_port 3366 dst_port 36100
INFO:forwarding.l3_learning:AQUI DPID 5 src_port 3366 dst_port 36100
INFO:forwarding.l3_learning:AQUI DPID 5 src_port 35629 dst_port 3366
INFO:forwarding.l3_learning:2 2 answering ARP for 10.0.0.7
INFO:forwarding.l3_learning:AQUI DPID 2 src_port 36103 dst_port 3366
INFO:forwarding.l3_learning:2 3 RE-learned 10.0.0.7
INFO:forwarding.l3_learning:AQUI DPID 2 src_port 36103 dst_port 3366
INFO:forwarding.l3_learning:AQUI DPID 2 src_port 36103 dst_port 3366
INFO:forwarding.l3_learning:AQUI DPID 2 src_port 41665 dst_port 3366
INFO:forwarding.l3_learning:AQUI DPID 2 src_port 35632 dst_port 3366
INFO:forwarding.l3_learning:AQUI DPID 2 src_port 35632 dst_port 3366
INFO:forwarding.l3_learning:AQUI DPID 7 src_port 35629 dst_port 3366
INFO:forwarding.l3_learning:AQUI DPID 7 src_port 41665 dst_port 3366
INFO:forwarding.l3_learning:3 1 answering ARP for 10.0.0.8
INFO:forwarding.l3_learning:AQUI DPID 3 src_port 3366 dst_port 41662
INFO:forwarding.l3_learning:AQUI DPID 3 src_port 3366 dst_port 41665
INFO:forwarding.l3_learning:AQUI DPID 3 src_port 3366 dst_port 41665
INFO:forwarding.l3_learning:3 3 RE-learned 10.0.0.7
INFO:forwarding.l3_learning:AQUI DPID 3 src_port 41665 dst_port 3366
INFO:forwarding.l3_learning:AQUI DPID 4 src_port 36103 dst_port 3366
INFO:forwarding.l3_learning:4 3 RE-learned 10.0.0.7
INFO:forwarding.l3_learning:AQUI DPID 4 src_port 35632 dst_port 3366
INFO:forwarding.l3_learning:AQUI DPID 4 src_port 36103 dst_port 3366
INFO:forwarding.l3_learning:AQUI DPID 4 src_port 36103 dst_port 3366
INFO:forwarding.l3_learning:AQUI DPID 6 src_port 3366 dst_port 36100
INFO:forwarding.l3_learning:AQUI DPID 6 src_port 3366 dst_port 36100
INFO:forwarding.l3_learning:AQUI DPID 6 src_port 36103 dst_port 3366
INFO:forwarding.l3_learning:5 2 answering ARP for 10.0.0.4
INFO:forwarding.l3_learning:5 2 answering ARP for 10.0.0.4
INFO:forwarding.l3_learning:5 2 answering ARP for 10.0.0.4
INFO:forwarding.l3_learning:AQUI DPID 5 src_port 41665 dst_port 3366
INFO:forwarding.l3_learning:AQUI DPID 2 src_port 3366 dst_port 41662
INFO:forwarding.l3_learning:AQUI DPID 2 src_port 3366 dst_port 41665
INFO:forwarding.l3_learning:AQUI DPID 2 src_port 3366 dst_port 41665
INFO:forwarding.l3_learning:AQUI DPID 2 src_port 3366 dst_port 41665
INFO:forwarding.l3_learning:AQUI DPID 2 src_port 35632 dst_port 3366
INFO:forwarding.l3_learning:7 1 answering ARP for 10.0.0.4
INFO:forwarding.l3_learning:7 1 answering ARP for 10.0.0.4
INFO:forwarding.l3_learning:7 3 RE-learned 10.0.0.4
INFO:forwarding.l3_learning:7 1 answering ARP for 10.0.0.4
INFO:forwarding.l3_learning:AQUI DPID 1 src_port 35632 dst_port 3366
INFO:forwarding.l3_learning:AQUI DPID 1 src_port 35632 dst_port 3366
INFO:forwarding.l3_learning:AQUI DPID 1 src_port 41665 dst_port 3366
INFO:forwarding.l3_learning:AQUI DPID 1 src_port 3366 dst_port 41662
INFO:forwarding.l3_learning:AQUI DPID 1 src_port 3366 dst_port 41665
INFO:forwarding.l3_learning:AQUI DPID 1 src_port 3366 dst_port 41665
INFO:forwarding.l3_learning:AQUI DPID 1 src_port 3366 dst_port 41665
INFO:forwarding.l3_learning:AQUI DPID 1 src_port 35632 dst_port 3366
INFO:forwarding.l3_learning:AQUI DPID 4 src_port 3366 dst_port 36103
INFO:forwarding.l3_learning:AQUI DPID 4 src_port 3366 dst_port 36103
INFO:forwarding.l3_learning:AQUI DPID 4 src_port 3366 dst_port 36103
INFO:forwarding.l3_learning:AQUI DPID 5 src_port 36103 dst_port 3366
INFO:forwarding.l3_learning:AQUI DPID 5 src_port 35632 dst_port 3366
INFO:forwarding.l3_learning:AQUI DPID 5 src_port 35632 dst_port 3366
INFO:forwarding.l3_learning:AQUI DPID 5 src_port 3366 dst_port 41662
INFO:forwarding.l3_learning:AQUI DPID 5 src_port 3366 dst_port 41665
INFO:forwarding.l3_learning:AQUI DPID 5 src_port 3366 dst_port 41665
INFO:forwarding.l3_learning:AQUI DPID 5 src_port 3366 dst_port 41665
INFO:forwarding.l3_learning:AQUI DPID 5 src_port 35632 dst_port 3366
INFO:forwarding.l3_learning:AQUI DPID 2 src_port 41665 dst_port 3366
INFO:forwarding.l3_learning:AQUI DPID 2 src_port 3366 dst_port 36103
INFO:forwarding.l3_learning:AQUI DPID 2 src_port 3366 dst_port 36103
INFO:forwarding.l3_learning:AQUI DPID 2 src_port 3366 dst_port 36103
INFO:forwarding.l3_learning:AQUI DPID 7 src_port 3366 dst_port 35629
INFO:forwarding.l3_learning:AQUI DPID 7 src_port 35632 dst_port 3366
INFO:forwarding.l3_learning:AQUI DPID 7 src_port 35632 dst_port 3366
INFO:forwarding.l3_learning:AQUI DPID 7 src_port 3366 dst_port 41662
INFO:forwarding.l3_learning:AQUI DPID 7 src_port 3366 dst_port 41665
INFO:forwarding.l3_learning:AQUI DPID 7 src_port 3366 dst_port 41665
INFO:forwarding.l3_learning:AQUI DPID 7 src_port 3366 dst_port 41665
INFO:forwarding.l3_learning:AQUI DPID 7 src_port 35632 dst_port 3366
INFO:forwarding.l3_learning:AQUI DPID 4 src_port 35632 dst_port 3366
INFO:forwarding.l3_learning:AQUI DPID 5 src_port 3366 dst_port 35629
INFO:forwarding.l3_learning:AQUI DPID 7 src_port 3366 dst_port 35632
INFO:forwarding.l3_learning:AQUI DPID 7 src_port 3366 dst_port 35632
INFO:forwarding.l3_learning:AQUI DPID 7 src_port 41668 dst_port 3366
INFO:forwarding.l3_learning:AQUI DPID 7 src_port 3366 dst_port 35632
INFO:forwarding.l3_learning:AQUI DPID 3 src_port 41665 dst_port 3366
INFO:forwarding.l3_learning:AQUI DPID 1 src_port 36103 dst_port 3366
INFO:forwarding.l3_learning:AQUI DPID 1 src_port 3366 dst_port 36103
INFO:forwarding.l3_learning:AQUI DPID 1 src_port 3366 dst_port 36103
INFO:forwarding.l3_learning:AQUI DPID 1 src_port 3366 dst_port 36103
INFO:forwarding.l3_learning:AQUI DPID 1 src_port 3366 dst_port 35629
INFO:forwarding.l3_learning:AQUI DPID 5 src_port 3366 dst_port 35632
INFO:forwarding.l3_learning:AQUI DPID 5 src_port 3366 dst_port 35632
INFO:forwarding.l3_learning:AQUI DPID 5 src_port 41668 dst_port 3366
INFO:forwarding.l3_learning:AQUI DPID 5 src_port 3366 dst_port 35632
INFO:forwarding.l3_learning:AQUI DPID 5 src_port 3366 dst_port 36103
INFO:forwarding.l3_learning:AQUI DPID 5 src_port 3366 dst_port 36103
INFO:forwarding.l3_learning:AQUI DPID 5 src_port 3366 dst_port 36103
INFO:forwarding.l3_learning:AQUI DPID 5 src_port 41668 dst_port 3366
INFO:forwarding.l3_learning:AQUI DPID 2 src_port 35632 dst_port 3366
INFO:forwarding.l3_learning:AQUI DPID 2 src_port 36103 dst_port 3366
INFO:forwarding.l3_learning:AQUI DPID 2 src_port 3366 dst_port 35629
INFO:forwarding.l3_learning:AQUI DPID 3 src_port 3366 dst_port 41665
INFO:forwarding.l3_learning:AQUI DPID 4 src_port 36103 dst_port 3366
INFO:forwarding.l3_learning:AQUI DPID 4 src_port 3366 dst_port 35629
INFO:forwarding.l3_learning:AQUI DPID 6 src_port 3366 dst_port 36103
INFO:forwarding.l3_learning:AQUI DPID 6 src_port 3366 dst_port 36103
INFO:forwarding.l3_learning:AQUI DPID 6 src_port 3366 dst_port 36103
INFO:forwarding.l3_learning:AQUI DPID 1 src_port 3366 dst_port 35632
INFO:forwarding.l3_learning:AQUI DPID 1 src_port 3366 dst_port 35632
INFO:forwarding.l3_learning:AQUI DPID 1 src_port 41668 dst_port 3366
INFO:forwarding.l3_learning:AQUI DPID 1 src_port 3366 dst_port 35632
INFO:forwarding.l3_learning:AQUI DPID 1 src_port 41668 dst_port 3366
INFO:forwarding.l3_learning:AQUI DPID 1 src_port 35632 dst_port 3366
INFO:forwarding.l3_learning:AQUI DPID 4 src_port 3366 dst_port 36103
INFO:forwarding.l3_learning:AQUI DPID 6 src_port 36106 dst_port 3366
INFO:forwarding.l3_learning:AQUI DPID 2 src_port 3366 dst_port 41665
INFO:forwarding.l3_learning:AQUI DPID 2 src_port 3366 dst_port 35632
INFO:forwarding.l3_learning:AQUI DPID 2 src_port 3366 dst_port 35632
INFO:forwarding.l3_learning:AQUI DPID 2 src_port 41668 dst_port 3366
INFO:forwarding.l3_learning:AQUI DPID 2 src_port 3366 dst_port 35632
INFO:forwarding.l3_learning:AQUI DPID 2 src_port 41668 dst_port 3366
INFO:forwarding.l3_learning:AQUI DPID 2 src_port 3366 dst_port 36103
INFO:forwarding.l3_learning:AQUI DPID 4 src_port 3366 dst_port 35632
INFO:forwarding.l3_learning:AQUI DPID 4 src_port 3366 dst_port 35632
INFO:forwarding.l3_learning:AQUI DPID 4 src_port 3366 dst_port 35632
INFO:forwarding.l3_learning:AQUI DPID 5 src_port 35632 dst_port 3366
INFO:forwarding.l3_learning:AQUI DPID 5 src_port 36106 dst_port 3366
INFO:forwarding.l3_learning:AQUI DPID 5 src_port 36106 dst_port 3366
INFO:forwarding.l3_learning:AQUI DPID 7 src_port 41668 dst_port 3366
INFO:forwarding.l3_learning:AQUI DPID 7 src_port 35632 dst_port 3366
INFO:forwarding.l3_learning:AQUI DPID 3 src_port 41668 dst_port 3366
INFO:forwarding.l3_learning:AQUI DPID 3 src_port 41668 dst_port 3366
INFO:forwarding.l3_learning:AQUI DPID 1 src_port 3366 dst_port 41665
INFO:forwarding.l3_learning:AQUI DPID 1 src_port 3366 dst_port 36103
INFO:forwarding.l3_learning:AQUI DPID 1 src_port 36106 dst_port 3366
INFO:forwarding.l3_learning:AQUI DPID 1 src_port 36106 dst_port 3366
INFO:forwarding.l3_learning:AQUI DPID 4 src_port 35635 dst_port 3366
INFO:forwarding.l3_learning:AQUI DPID 4 src_port 35635 dst_port 3366
INFO:forwarding.l3_learning:AQUI DPID 5 src_port 41668 dst_port 3366
INFO:forwarding.l3_learning:AQUI DPID 5 src_port 3366 dst_port 41665
INFO:forwarding.l3_learning:AQUI DPID 5 src_port 3366 dst_port 36103
INFO:forwarding.l3_learning:AQUI DPID 2 src_port 36106 dst_port 3366
INFO:forwarding.l3_learning:AQUI DPID 2 src_port 36106 dst_port 3366
INFO:forwarding.l3_learning:AQUI DPID 2 src_port 35635 dst_port 3366
INFO:forwarding.l3_learning:AQUI DPID 2 src_port 35635 dst_port 3366
INFO:forwarding.l3_learning:AQUI DPID 7 src_port 3366 dst_port 35632
INFO:forwarding.l3_learning:AQUI DPID 7 src_port 3366 dst_port 41665
INFO:forwarding.l3_learning:AQUI DPID 3 src_port 3366 dst_port 41668
INFO:forwarding.l3_learning:AQUI DPID 3 src_port 3366 dst_port 41668
INFO:forwarding.l3_learning:AQUI DPID 4 src_port 36106 dst_port 3366
INFO:forwarding.l3_learning:AQUI DPID 4 src_port 36106 dst_port 3366
INFO:forwarding.l3_learning:AQUI DPID 6 src_port 3366 dst_port 36103
INFO:forwarding.l3_learning:AQUI DPID 6 src_port 36106 dst_port 3366
INFO:forwarding.l3_learning:AQUI DPID 5 src_port 3366 dst_port 35632
INFO:forwarding.l3_learning:AQUI DPID 2 src_port 3366 dst_port 41668
INFO:forwarding.l3_learning:AQUI DPID 2 src_port 3366 dst_port 41668
INFO:forwarding.l3_learning:AQUI DPID 1 src_port 41668 dst_port 3366
INFO:forwarding.l3_learning:AQUI DPID 1 src_port 35635 dst_port 3366
INFO:forwarding.l3_learning:AQUI DPID 1 src_port 35635 dst_port 3366
INFO:forwarding.l3_learning:AQUI DPID 1 src_port 3366 dst_port 35632
INFO:forwarding.l3_learning:AQUI DPID 1 src_port 3366 dst_port 41668
INFO:forwarding.l3_learning:AQUI DPID 4 src_port 3366 dst_port 36106
INFO:forwarding.l3_learning:AQUI DPID 4 src_port 3366 dst_port 36106
INFO:forwarding.l3_learning:AQUI DPID 4 src_port 35635 dst_port 3366
INFO:forwarding.l3_learning:AQUI DPID 5 src_port 36106 dst_port 3366
INFO:forwarding.l3_learning:AQUI DPID 5 src_port 35635 dst_port 3366
INFO:forwarding.l3_learning:AQUI DPID 5 src_port 35635 dst_port 3366
INFO:forwarding.l3_learning:AQUI DPID 5 src_port 3366 dst_port 41668
INFO:forwarding.l3_learning:AQUI DPID 2 src_port 41668 dst_port 3366
INFO:forwarding.l3_learning:AQUI DPID 2 src_port 3366 dst_port 35632
INFO:forwarding.l3_learning:AQUI DPID 2 src_port 3366 dst_port 36106
INFO:forwarding.l3_learning:AQUI DPID 2 src_port 3366 dst_port 36106
INFO:forwarding.l3_learning:AQUI DPID 1 src_port 3366 dst_port 41668
INFO:forwarding.l3_learning:AQUI DPID 1 src_port 36106 dst_port 3366
INFO:forwarding.l3_learning:AQUI DPID 1 src_port 3366 dst_port 36106
INFO:forwarding.l3_learning:AQUI DPID 4 src_port 3366 dst_port 35632
INFO:forwarding.l3_learning:AQUI DPID 5 src_port 35635 dst_port 3366
INFO:forwarding.l3_learning:AQUI DPID 5 src_port 3366 dst_port 36106
INFO:forwarding.l3_learning:AQUI DPID 2 src_port 36106 dst_port 3366
INFO:forwarding.l3_learning:AQUI DPID 7 src_port 35635 dst_port 3366
INFO:forwarding.l3_learning:AQUI DPID 7 src_port 35635 dst_port 3366
INFO:forwarding.l3_learning:AQUI DPID 7 src_port 41668 dst_port 3366
INFO:forwarding.l3_learning:AQUI DPID 7 src_port 3366 dst_port 41668
INFO:forwarding.l3_learning:AQUI DPID 7 src_port 3366 dst_port 41668
INFO:forwarding.l3_learning:AQUI DPID 7 src_port 35635 dst_port 3366
INFO:forwarding.l3_learning:AQUI DPID 3 src_port 41668 dst_port 3366
INFO:forwarding.l3_learning:AQUI DPID 1 src_port 3366 dst_port 36106
INFO:forwarding.l3_learning:AQUI DPID 4 src_port 36106 dst_port 3366
INFO:forwarding.l3_learning:AQUI DPID 6 src_port 3366 dst_port 36106
INFO:forwarding.l3_learning:AQUI DPID 5 src_port 41668 dst_port 3366
INFO:forwarding.l3_learning:AQUI DPID 5 src_port 3366 dst_port 36106
INFO:forwarding.l3_learning:AQUI DPID 7 src_port 3366 dst_port 35635
INFO:forwarding.l3_learning:AQUI DPID 7 src_port 3366 dst_port 35635
INFO:forwarding.l3_learning:AQUI DPID 7 src_port 41671 dst_port 3366
INFO:forwarding.l3_learning:AQUI DPID 7 src_port 3366 dst_port 35635
INFO:forwarding.l3_learning:AQUI DPID 7 src_port 41671 dst_port 3366
INFO:forwarding.l3_learning:AQUI DPID 3 src_port 3366 dst_port 41668
INFO:forwarding.l3_learning:AQUI DPID 4 src_port 3366 dst_port 36106
INFO:forwarding.l3_learning:AQUI DPID 4 src_port 35635 dst_port 3366
INFO:forwarding.l3_learning:AQUI DPID 6 src_port 36106 dst_port 3366
INFO:forwarding.l3_learning:AQUI DPID 6 src_port 36109 dst_port 3366
INFO:forwarding.l3_learning:AQUI DPID 6 src_port 36109 dst_port 3366
INFO:forwarding.l3_learning:AQUI DPID 5 src_port 3366 dst_port 35635
INFO:forwarding.l3_learning:AQUI DPID 5 src_port 3366 dst_port 35635
INFO:forwarding.l3_learning:AQUI DPID 5 src_port 41671 dst_port 3366
INFO:forwarding.l3_learning:AQUI DPID 5 src_port 3366 dst_port 35635
INFO:forwarding.l3_learning:AQUI DPID 5 src_port 41671 dst_port 3366
INFO:forwarding.l3_learning:AQUI DPID 5 src_port 41671 dst_port 3366
INFO:forwarding.l3_learning:AQUI DPID 5 src_port 36106 dst_port 3366
INFO:forwarding.l3_learning:AQUI DPID 5 src_port 36109 dst_port 3366
INFO:forwarding.l3_learning:AQUI DPID 1 src_port 41668 dst_port 3366
INFO:forwarding.l3_learning:AQUI DPID 1 src_port 3366 dst_port 35635
INFO:forwarding.l3_learning:AQUI DPID 1 src_port 3366 dst_port 35635
INFO:forwarding.l3_learning:AQUI DPID 1 src_port 41671 dst_port 3366
INFO:forwarding.l3_learning:AQUI DPID 1 src_port 3366 dst_port 35635
INFO:forwarding.l3_learning:AQUI DPID 1 src_port 41671 dst_port 3366
INFO:forwarding.l3_learning:AQUI DPID 1 src_port 41671 dst_port 3366
INFO:forwarding.l3_learning:AQUI DPID 1 src_port 36106 dst_port 3366
INFO:forwarding.l3_learning:AQUI DPID 5 src_port 36109 dst_port 3366
INFO:forwarding.l3_learning:AQUI DPID 5 src_port 36109 dst_port 3366
INFO:forwarding.l3_learning:AQUI DPID 2 src_port 3366 dst_port 41668
INFO:forwarding.l3_learning:AQUI DPID 2 src_port 3366 dst_port 36106
INFO:forwarding.l3_learning:AQUI DPID 2 src_port 35635 dst_port 3366
INFO:forwarding.l3_learning:AQUI DPID 2 src_port 41668 dst_port 3366
INFO:forwarding.l3_learning:AQUI DPID 2 src_port 3366 dst_port 35635
INFO:forwarding.l3_learning:AQUI DPID 2 src_port 3366 dst_port 35635
INFO:forwarding.l3_learning:AQUI DPID 2 src_port 41671 dst_port 3366
INFO:forwarding.l3_learning:AQUI DPID 2 src_port 3366 dst_port 35635
INFO:forwarding.l3_learning:AQUI DPID 2 src_port 41671 dst_port 3366
INFO:forwarding.l3_learning:AQUI DPID 2 src_port 41671 dst_port 3366
INFO:forwarding.l3_learning:AQUI DPID 2 src_port 36106 dst_port 3366
INFO:forwarding.l3_learning:AQUI DPID 1 src_port 36109 dst_port 3366
INFO:forwarding.l3_learning:AQUI DPID 1 src_port 36109 dst_port 3366
INFO:forwarding.l3_learning:AQUI DPID 1 src_port 36109 dst_port 3366
INFO:forwarding.l3_learning:AQUI DPID 1 src_port 3366 dst_port 41668
INFO:forwarding.l3_learning:AQUI DPID 1 src_port 3366 dst_port 36106
INFO:forwarding.l3_learning:AQUI DPID 1 src_port 35635 dst_port 3366
INFO:forwarding.l3_learning:AQUI DPID 4 src_port 3366 dst_port 35635
INFO:forwarding.l3_learning:AQUI DPID 4 src_port 3366 dst_port 35635
INFO:forwarding.l3_learning:AQUI DPID 4 src_port 3366 dst_port 35635
INFO:forwarding.l3_learning:AQUI DPID 4 src_port 36106 dst_port 3366
INFO:forwarding.l3_learning:AQUI DPID 5 src_port 3366 dst_port 41668
INFO:forwarding.l3_learning:AQUI DPID 5 src_port 3366 dst_port 36106
INFO:forwarding.l3_learning:AQUI DPID 5 src_port 35635 dst_port 3366
INFO:forwarding.l3_learning:AQUI DPID 2 src_port 36109 dst_port 3366
INFO:forwarding.l3_learning:AQUI DPID 2 src_port 36109 dst_port 3366
INFO:forwarding.l3_learning:AQUI DPID 2 src_port 36109 dst_port 3366
INFO:forwarding.l3_learning:AQUI DPID 7 src_port 41671 dst_port 3366
INFO:forwarding.l3_learning:AQUI DPID 7 src_port 3366 dst_port 41668
INFO:forwarding.l3_learning:7 2 answering ARP for 10.0.0.1
INFO:forwarding.l3_learning:AQUI DPID 7 src_port 35635 dst_port 3366
INFO:forwarding.l3_learning:AQUI DPID 3 src_port 41668 dst_port 3366
INFO:forwarding.l3_learning:AQUI DPID 3 src_port 41671 dst_port 3366
INFO:forwarding.l3_learning:AQUI DPID 3 src_port 41671 dst_port 3366
INFO:forwarding.l3_learning:AQUI DPID 3 src_port 41671 dst_port 3366
INFO:forwarding.l3_learning:AQUI DPID 4 src_port 35638 dst_port 3366
INFO:forwarding.l3_learning:AQUI DPID 4 src_port 3366 dst_port 36106
INFO:forwarding.l3_learning:AQUI DPID 4 src_port 35638 dst_port 3366
INFO:forwarding.l3_learning:AQUI DPID 4 src_port 36109 dst_port 3366
INFO:forwarding.l3_learning:AQUI DPID 4 src_port 36109 dst_port 3366
INFO:forwarding.l3_learning:AQUI DPID 4 src_port 36109 dst_port 3366
INFO:forwarding.l3_learning:AQUI DPID 6 src_port 3366 dst_port 36106
INFO:forwarding.l3_learning:AQUI DPID 6 src_port 36109 dst_port 3366
INFO:forwarding.l3_learning:AQUI DPID 5 src_port 41671 dst_port 3366
INFO:forwarding.l3_learning:7 2 answering ARP for 10.0.0.1
INFO:forwarding.l3_learning:AQUI DPID 7 src_port 3366 dst_port 35635
INFO:forwarding.l3_learning:AQUI DPID 3 src_port 3366 dst_port 41668
INFO:forwarding.l3_learning:AQUI DPID 3 src_port 3366 dst_port 41671
INFO:forwarding.l3_learning:AQUI DPID 3 src_port 3366 dst_port 41671
INFO:forwarding.l3_learning:AQUI DPID 3 src_port 3366 dst_port 41671
INFO:forwarding.l3_learning:AQUI DPID 4 src_port 3366 dst_port 36109
INFO:forwarding.l3_learning:AQUI DPID 4 src_port 3366 dst_port 36109
INFO:forwarding.l3_learning:AQUI DPID 4 src_port 3366 dst_port 36109
INFO:forwarding.l3_learning:AQUI DPID 5 src_port 36109 dst_port 3366
INFO:forwarding.l3_learning:AQUI DPID 5 src_port 3366 dst_port 35635
INFO:forwarding.l3_learning:AQUI DPID 2 src_port 35638 dst_port 3366
INFO:forwarding.l3_learning:AQUI DPID 2 src_port 3366 dst_port 36106
INFO:forwarding.l3_learning:AQUI DPID 2 src_port 35638 dst_port 3366
INFO:forwarding.l3_learning:AQUI DPID 2 src_port 35638 dst_port 3366
INFO:forwarding.l3_learning:AQUI DPID 2 src_port 3366 dst_port 41668
INFO:forwarding.l3_learning:AQUI DPID 2 src_port 3366 dst_port 41671
INFO:forwarding.l3_learning:AQUI DPID 2 src_port 3366 dst_port 41671
INFO:forwarding.l3_learning:AQUI DPID 2 src_port 3366 dst_port 41671
INFO:forwarding.l3_learning:AQUI DPID 2 src_port 3366 dst_port 36109
INFO:forwarding.l3_learning:AQUI DPID 2 src_port 3366 dst_port 36109
INFO:forwarding.l3_learning:AQUI DPID 2 src_port 3366 dst_port 36109
INFO:forwarding.l3_learning:AQUI DPID 1 src_port 41671 dst_port 3366
INFO:forwarding.l3_learning:AQUI DPID 1 src_port 36109 dst_port 3366
INFO:forwarding.l3_learning:AQUI DPID 1 src_port 3366 dst_port 35635
INFO:forwarding.l3_learning:AQUI DPID 1 src_port 35638 dst_port 3366
INFO:forwarding.l3_learning:AQUI DPID 1 src_port 3366 dst_port 36106
INFO:forwarding.l3_learning:AQUI DPID 1 src_port 35638 dst_port 3366
INFO:forwarding.l3_learning:AQUI DPID 1 src_port 35638 dst_port 3366
INFO:forwarding.l3_learning:AQUI DPID 1 src_port 3366 dst_port 41668
INFO:forwarding.l3_learning:AQUI DPID 1 src_port 3366 dst_port 41671
INFO:forwarding.l3_learning:AQUI DPID 1 src_port 3366 dst_port 41671
INFO:forwarding.l3_learning:AQUI DPID 1 src_port 3366 dst_port 41671
INFO:forwarding.l3_learning:AQUI DPID 1 src_port 3366 dst_port 36109
INFO:forwarding.l3_learning:AQUI DPID 1 src_port 3366 dst_port 36109
INFO:forwarding.l3_learning:4 1 answering ARP for 10.0.0.5
INFO:forwarding.l3_learning:AQUI DPID 5 src_port 35638 dst_port 3366
INFO:forwarding.l3_learning:AQUI DPID 5 src_port 3366 dst_port 36106
INFO:forwarding.l3_learning:AQUI DPID 5 src_port 35638 dst_port 3366
INFO:forwarding.l3_learning:AQUI DPID 5 src_port 35638 dst_port 3366
INFO:forwarding.l3_learning:AQUI DPID 5 src_port 3366 dst_port 41668
INFO:forwarding.l3_learning:AQUI DPID 5 src_port 3366 dst_port 41671
INFO:forwarding.l3_learning:AQUI DPID 5 src_port 3366 dst_port 41671
INFO:forwarding.l3_learning:AQUI DPID 5 src_port 3366 dst_port 41671
INFO:forwarding.l3_learning:AQUI DPID 5 src_port 3366 dst_port 36109
INFO:forwarding.l3_learning:AQUI DPID 5 src_port 3366 dst_port 36109
INFO:forwarding.l3_learning:AQUI DPID 2 src_port 41671 dst_port 3366
INFO:forwarding.l3_learning:AQUI DPID 2 src_port 36109 dst_port 3366
INFO:forwarding.l3_learning:AQUI DPID 2 src_port 3366 dst_port 35635
INFO:forwarding.l3_learning:AQUI DPID 1 src_port 3366 dst_port 36109
INFO:forwarding.l3_learning:AQUI DPID 4 src_port 35638 dst_port 3366
INFO:forwarding.l3_learning:AQUI DPID 4 src_port 36109 dst_port 3366
INFO:forwarding.l3_learning:AQUI DPID 4 src_port 3366 dst_port 35635
INFO:forwarding.l3_learning:AQUI DPID 6 src_port 3366 dst_port 36106
INFO:forwarding.l3_learning:AQUI DPID 6 src_port 3366 dst_port 36109
INFO:forwarding.l3_learning:AQUI DPID 6 src_port 3366 dst_port 36109
INFO:forwarding.l3_learning:AQUI DPID 6 src_port 3366 dst_port 36109
INFO:forwarding.l3_learning:AQUI DPID 7 src_port 35638 dst_port 3366
INFO:forwarding.l3_learning:AQUI DPID 7 src_port 35638 dst_port 3366
INFO:forwarding.l3_learning:AQUI DPID 7 src_port 35638 dst_port 3366
INFO:forwarding.l3_learning:AQUI DPID 7 src_port 3366 dst_port 41668
INFO:forwarding.l3_learning:AQUI DPID 7 src_port 3366 dst_port 41671
INFO:forwarding.l3_learning:AQUI DPID 7 src_port 3366 dst_port 41671
INFO:forwarding.l3_learning:AQUI DPID 7 src_port 3366 dst_port 41671
INFO:forwarding.l3_learning:AQUI DPID 7 src_port 41671 dst_port 3366
INFO:forwarding.l3_learning:AQUI DPID 3 src_port 41671 dst_port 3366
INFO:forwarding.l3_learning:AQUI DPID 4 src_port 3366 dst_port 36109
INFO:forwarding.l3_learning:AQUI DPID 6 src_port 36111 dst_port 3366
INFO:forwarding.l3_learning:AQUI DPID 5 src_port 41671 dst_port 3366
INFO:forwarding.l3_learning:AQUI DPID 2 src_port 35638 dst_port 3366
INFO:forwarding.l3_learning:AQUI DPID 2 src_port 3366 dst_port 36109
INFO:forwarding.l3_learning:AQUI DPID 7 src_port 3366 dst_port 35638
INFO:forwarding.l3_learning:AQUI DPID 7 src_port 3366 dst_port 35638
INFO:forwarding.l3_learning:AQUI DPID 7 src_port 3366 dst_port 35638
INFO:forwarding.l3_learning:AQUI DPID 7 src_port 41675 dst_port 3366
INFO:forwarding.l3_learning:AQUI DPID 3 src_port 3366 dst_port 41671
INFO:forwarding.l3_learning:AQUI DPID 5 src_port 36111 dst_port 3366
INFO:forwarding.l3_learning:AQUI DPID 5 src_port 36111 dst_port 3366
INFO:forwarding.l3_learning:AQUI DPID 5 src_port 3366 dst_port 35638
INFO:forwarding.l3_learning:AQUI DPID 5 src_port 3366 dst_port 35638
INFO:forwarding.l3_learning:AQUI DPID 5 src_port 3366 dst_port 35638
INFO:forwarding.l3_learning:AQUI DPID 5 src_port 41675 dst_port 3366
INFO:forwarding.l3_learning:AQUI DPID 7 src_port 41675 dst_port 3366
INFO:forwarding.l3_learning:AQUI DPID 1 src_port 41671 dst_port 3366
INFO:forwarding.l3_learning:AQUI DPID 1 src_port 35638 dst_port 3366
INFO:forwarding.l3_learning:AQUI DPID 1 src_port 3366 dst_port 36109
INFO:forwarding.l3_learning:AQUI DPID 1 src_port 36111 dst_port 3366
INFO:forwarding.l3_learning:AQUI DPID 1 src_port 36111 dst_port 3366
INFO:forwarding.l3_learning:AQUI DPID 1 src_port 3366 dst_port 35638
INFO:forwarding.l3_learning:AQUI DPID 1 src_port 3366 dst_port 35638
INFO:forwarding.l3_learning:AQUI DPID 1 src_port 3366 dst_port 35638
INFO:forwarding.l3_learning:AQUI DPID 1 src_port 41675 dst_port 3366
INFO:forwarding.l3_learning:AQUI DPID 6 src_port 36111 dst_port 3366
INFO:forwarding.l3_learning:AQUI DPID 5 src_port 35638 dst_port 3366
INFO:forwarding.l3_learning:AQUI DPID 5 src_port 3366 dst_port 36109
INFO:forwarding.l3_learning:AQUI DPID 2 src_port 3366 dst_port 41671
INFO:forwarding.l3_learning:AQUI DPID 2 src_port 41671 dst_port 3366
INFO:forwarding.l3_learning:AQUI DPID 2 src_port 36111 dst_port 3366
INFO:forwarding.l3_learning:AQUI DPID 2 src_port 36111 dst_port 3366
INFO:forwarding.l3_learning:AQUI DPID 2 src_port 3366 dst_port 35638
INFO:forwarding.l3_learning:AQUI DPID 2 src_port 3366 dst_port 35638
INFO:forwarding.l3_learning:AQUI DPID 2 src_port 3366 dst_port 35638
INFO:forwarding.l3_learning:AQUI DPID 2 src_port 41675 dst_port 3366
INFO:forwarding.l3_learning:AQUI DPID 1 src_port 41675 dst_port 3366
INFO:forwarding.l3_learning:AQUI DPID 1 src_port 41675 dst_port 3366
INFO:forwarding.l3_learning:AQUI DPID 1 src_port 3366 dst_port 41671
INFO:forwarding.l3_learning:AQUI DPID 4 src_port 36111 dst_port 3366
INFO:forwarding.l3_learning:AQUI DPID 4 src_port 36111 dst_port 3366
INFO:forwarding.l3_learning:AQUI DPID 4 src_port 3366 dst_port 35638
INFO:forwarding.l3_learning:AQUI DPID 4 src_port 3366 dst_port 35638
INFO:forwarding.l3_learning:AQUI DPID 4 src_port 3366 dst_port 35638
INFO:forwarding.l3_learning:AQUI DPID 6 src_port 3366 dst_port 36109
INFO:forwarding.l3_learning:AQUI DPID 5 src_port 36111 dst_port 3366
INFO:forwarding.l3_learning:AQUI DPID 5 src_port 3366 dst_port 41671
INFO:forwarding.l3_learning:AQUI DPID 7 src_port 35638 dst_port 3366
INFO:forwarding.l3_learning:AQUI DPID 3 src_port 41671 dst_port 3366
INFO:forwarding.l3_learning:AQUI DPID 3 src_port 41675 dst_port 3366
INFO:forwarding.l3_learning:AQUI DPID 3 src_port 41675 dst_port 3366
INFO:forwarding.l3_learning:AQUI DPID 3 src_port 41675 dst_port 3366
INFO:forwarding.l3_learning:AQUI DPID 4 src_port 3366 dst_port 36111
INFO:forwarding.l3_learning:AQUI DPID 4 src_port 3366 dst_port 36111
INFO:forwarding.l3_learning:AQUI DPID 4 src_port 35641 dst_port 3366
INFO:forwarding.l3_learning:AQUI DPID 4 src_port 35641 dst_port 3366
INFO:forwarding.l3_learning:AQUI DPID 7 src_port 3366 dst_port 41671
INFO:forwarding.l3_learning:AQUI DPID 7 src_port 3366 dst_port 35638
INFO:forwarding.l3_learning:AQUI DPID 3 src_port 3366 dst_port 41671
INFO:forwarding.l3_learning:AQUI DPID 3 src_port 3366 dst_port 41675
INFO:forwarding.l3_learning:AQUI DPID 3 src_port 3366 dst_port 41675
INFO:forwarding.l3_learning:AQUI DPID 3 src_port 3366 dst_port 41675
INFO:forwarding.l3_learning:AQUI DPID 1 src_port 36111 dst_port 3366
INFO:forwarding.l3_learning:AQUI DPID 6 src_port 36111 dst_port 3366
INFO:forwarding.l3_learning:AQUI DPID 5 src_port 3366 dst_port 35638
INFO:forwarding.l3_learning:AQUI DPID 2 src_port 3366 dst_port 36111
INFO:forwarding.l3_learning:AQUI DPID 2 src_port 3366 dst_port 36111
INFO:forwarding.l3_learning:AQUI DPID 2 src_port 35641 dst_port 3366
INFO:forwarding.l3_learning:AQUI DPID 2 src_port 35641 dst_port 3366
INFO:forwarding.l3_learning:AQUI DPID 2 src_port 3366 dst_port 41671
INFO:forwarding.l3_learning:AQUI DPID 2 src_port 3366 dst_port 41675
INFO:forwarding.l3_learning:AQUI DPID 2 src_port 3366 dst_port 41675
INFO:forwarding.l3_learning:AQUI DPID 2 src_port 3366 dst_port 41675
INFO:forwarding.l3_learning:AQUI DPID 2 src_port 36111 dst_port 3366
INFO:forwarding.l3_learning:AQUI DPID 2 src_port 36111 dst_port 3366
INFO:forwarding.l3_learning:AQUI DPID 7 src_port 41675 dst_port 3366
INFO:forwarding.l3_learning:AQUI DPID 4 src_port 36111 dst_port 3366
INFO:forwarding.l3_learning:AQUI DPID 4 src_port 36111 dst_port 3366
INFO:forwarding.l3_learning:6 1 answering ARP for 10.0.0.3
INFO:forwarding.l3_learning:6 1 answering ARP for 10.0.0.3
INFO:forwarding.l3_learning:AQUI DPID 1 src_port 3366 dst_port 35638
INFO:forwarding.l3_learning:AQUI DPID 1 src_port 3366 dst_port 36111
INFO:forwarding.l3_learning:AQUI DPID 1 src_port 3366 dst_port 36111
INFO:forwarding.l3_learning:AQUI DPID 1 src_port 35641 dst_port 3366
INFO:forwarding.l3_learning:AQUI DPID 1 src_port 35641 dst_port 3366
INFO:forwarding.l3_learning:AQUI DPID 1 src_port 3366 dst_port 41671
INFO:forwarding.l3_learning:AQUI DPID 1 src_port 35641 dst_port 3366
INFO:forwarding.l3_learning:AQUI DPID 1 src_port 3366 dst_port 41675
INFO:forwarding.l3_learning:AQUI DPID 1 src_port 3366 dst_port 41675
INFO:forwarding.l3_learning:AQUI DPID 1 src_port 3366 dst_port 41675
INFO:forwarding.l3_learning:AQUI DPID 4 src_port 3366 dst_port 36111
INFO:forwarding.l3_learning:AQUI DPID 4 src_port 3366 dst_port 36111
INFO:forwarding.l3_learning:AQUI DPID 5 src_port 41675 dst_port 3366
INFO:forwarding.l3_learning:AQUI DPID 5 src_port 3366 dst_port 36111
INFO:forwarding.l3_learning:AQUI DPID 5 src_port 3366 dst_port 36111
INFO:forwarding.l3_learning:AQUI DPID 5 src_port 35641 dst_port 3366
INFO:forwarding.l3_learning:AQUI DPID 5 src_port 35641 dst_port 3366
INFO:forwarding.l3_learning:AQUI DPID 5 src_port 3366 dst_port 41671
INFO:forwarding.l3_learning:AQUI DPID 5 src_port 35641 dst_port 3366
INFO:forwarding.l3_learning:AQUI DPID 5 src_port 3366 dst_port 41675
INFO:forwarding.l3_learning:AQUI DPID 5 src_port 3366 dst_port 41675
INFO:forwarding.l3_learning:AQUI DPID 5 src_port 3366 dst_port 41675
INFO:forwarding.l3_learning:AQUI DPID 2 src_port 3366 dst_port 35638
INFO:forwarding.l3_learning:AQUI DPID 2 src_port 3366 dst_port 36111
INFO:forwarding.l3_learning:AQUI DPID 2 src_port 3366 dst_port 36111
INFO:forwarding.l3_learning:AQUI DPID 4 src_port 3366 dst_port 35638
INFO:forwarding.l3_learning:AQUI DPID 6 src_port 3366 dst_port 36111
INFO:forwarding.l3_learning:AQUI DPID 6 src_port 3366 dst_port 36111
INFO:forwarding.l3_learning:AQUI DPID 7 src_port 35641 dst_port 3366
INFO:forwarding.l3_learning:AQUI DPID 7 src_port 35641 dst_port 3366
INFO:forwarding.l3_learning:AQUI DPID 7 src_port 3366 dst_port 41671
INFO:forwarding.l3_learning:AQUI DPID 7 src_port 35641 dst_port 3366
INFO:forwarding.l3_learning:AQUI DPID 7 src_port 3366 dst_port 41675
INFO:forwarding.l3_learning:AQUI DPID 7 src_port 3366 dst_port 41675
INFO:forwarding.l3_learning:AQUI DPID 7 src_port 3366 dst_port 41675
INFO:forwarding.l3_learning:AQUI DPID 1 src_port 41675 dst_port 3366
INFO:forwarding.l3_learning:AQUI DPID 1 src_port 3366 dst_port 36111
INFO:forwarding.l3_learning:AQUI DPID 1 src_port 3366 dst_port 36111
INFO:forwarding.l3_learning:AQUI DPID 4 src_port 35641 dst_port 3366
INFO:forwarding.l3_learning:AQUI DPID 6 src_port 36114 dst_port 3366
INFO:forwarding.l3_learning:AQUI DPID 6 src_port 36114 dst_port 3366
INFO:forwarding.l3_learning:AQUI DPID 5 src_port 3366 dst_port 36111
INFO:forwarding.l3_learning:AQUI DPID 5 src_port 3366 dst_port 36111
INFO:forwarding.l3_learning:AQUI DPID 5 src_port 36114 dst_port 3366
INFO:forwarding.l3_learning:AQUI DPID 2 src_port 41675 dst_port 3366
INFO:forwarding.l3_learning:AQUI DPID 2 src_port 35641 dst_port 3366
INFO:forwarding.l3_learning:AQUI DPID 7 src_port 3366 dst_port 35641
INFO:forwarding.l3_learning:AQUI DPID 7 src_port 3366 dst_port 35641
INFO:forwarding.l3_learning:AQUI DPID 7 src_port 3366 dst_port 35641
INFO:forwarding.l3_learning:AQUI DPID 7 src_port 41678 dst_port 3366
INFO:forwarding.l3_learning:AQUI DPID 7 src_port 41678 dst_port 3366
INFO:forwarding.l3_learning:AQUI DPID 6 src_port 3366 dst_port 36111
INFO:forwarding.l3_learning:AQUI DPID 6 src_port 3366 dst_port 36111
INFO:forwarding.l3_learning:AQUI DPID 5 src_port 36114 dst_port 3366
INFO:forwarding.l3_learning:AQUI DPID 5 src_port 3366 dst_port 35641
INFO:forwarding.l3_learning:AQUI DPID 5 src_port 3366 dst_port 35641
INFO:forwarding.l3_learning:AQUI DPID 5 src_port 3366 dst_port 35641
INFO:forwarding.l3_learning:AQUI DPID 5 src_port 41678 dst_port 3366
INFO:forwarding.l3_learning:AQUI DPID 5 src_port 41678 dst_port 3366
INFO:forwarding.l3_learning:AQUI DPID 3 src_port 41675 dst_port 3366
INFO:forwarding.l3_learning:AQUI DPID 1 src_port 36114 dst_port 3366
INFO:forwarding.l3_learning:1 1 answering ARP for 10.0.0.8
INFO:forwarding.l3_learning:1 1 answering ARP for 10.0.0.8
INFO:forwarding.l3_learning:1 1 answering ARP for 10.0.0.8
INFO:forwarding.l3_learning:AQUI DPID 1 src_port 35641 dst_port 3366
INFO:forwarding.l3_learning:AQUI DPID 1 src_port 36114 dst_port 3366
INFO:forwarding.l3_learning:AQUI DPID 1 src_port 36114 dst_port 3366
INFO:forwarding.l3_learning:AQUI DPID 1 src_port 3366 dst_port 35641
INFO:forwarding.l3_learning:AQUI DPID 1 src_port 3366 dst_port 35641
INFO:forwarding.l3_learning:AQUI DPID 1 src_port 3366 dst_port 35641
INFO:forwarding.l3_learning:AQUI DPID 1 src_port 41678 dst_port 3366
INFO:forwarding.l3_learning:AQUI DPID 1 src_port 41678 dst_port 3366
INFO:forwarding.l3_learning:AQUI DPID 1 src_port 41678 dst_port 3366
INFO:forwarding.l3_learning:AQUI DPID 5 src_port 35641 dst_port 3366
INFO:forwarding.l3_learning:AQUI DPID 2 src_port 36114 dst_port 3366
INFO:forwarding.l3_learning:2 3 RE-learned 10.0.0.8
INFO:forwarding.l3_learning:AQUI DPID 2 src_port 36114 dst_port 3366
INFO:forwarding.l3_learning:AQUI DPID 2 src_port 36114 dst_port 3366
INFO:forwarding.l3_learning:AQUI DPID 2 src_port 3366 dst_port 35641
INFO:forwarding.l3_learning:AQUI DPID 2 src_port 3366 dst_port 35641
INFO:forwarding.l3_learning:AQUI DPID 2 src_port 3366 dst_port 35641
INFO:forwarding.l3_learning:AQUI DPID 2 src_port 41678 dst_port 3366
INFO:forwarding.l3_learning:AQUI DPID 2 src_port 41678 dst_port 3366
INFO:forwarding.l3_learning:AQUI DPID 2 src_port 41678 dst_port 3366
INFO:forwarding.l3_learning:3 1 answering ARP for 10.0.0.8
INFO:forwarding.l3_learning:3 1 answering ARP for 10.0.0.8
INFO:forwarding.l3_learning:3 3 RE-learned 10.0.0.8
INFO:forwarding.l3_learning:AQUI DPID 3 src_port 41678 dst_port 3366
INFO:forwarding.l3_learning:3 1 answering ARP for 10.0.0.8
INFO:forwarding.l3_learning:AQUI DPID 3 src_port 41678 dst_port 3366
INFO:forwarding.l3_learning:AQUI DPID 4 src_port 36114 dst_port 3366
INFO:forwarding.l3_learning:AQUI DPID 4 src_port 36114 dst_port 3366
INFO:forwarding.l3_learning:AQUI DPID 4 src_port 36114 dst_port 3366
INFO:forwarding.l3_learning:AQUI DPID 4 src_port 3366 dst_port 35641
INFO:forwarding.l3_learning:AQUI DPID 4 src_port 3366 dst_port 35641
INFO:forwarding.l3_learning:AQUI DPID 4 src_port 3366 dst_port 35641
INFO:forwarding.l3_learning:AQUI DPID 7 src_port 35641 dst_port 3366
INFO:forwarding.l3_learning:7 1 answering ARP for 10.0.0.4
INFO:forwarding.l3_learning:7 1 answering ARP for 10.0.0.4
INFO:forwarding.l3_learning:AQUI DPID 3 src_port 41678 dst_port 3366
